<?xml version="1.0" encoding="UTF-8" ?>
<testsuite failures="0" time="2.295" errors="1" skipped="0" tests="1" name="com.lin.service.TestMybatis">
  <properties>
[...]
</properties>
  <testcase time="2.295" classname="com.lin.service.TestMybatis" name="test1">
    <error message="Invalid bound statement (not found): com.lin.dao.BlogMapper.selectList" type="org.apache.ibatis.binding.BindingException">org.apache.ibatis.binding.BindingException: Invalid bound statement (not found): com.lin.dao.BlogMapper.selectList
	at org.apache.ibatis.binding.MapperMethod$SqlCommand.&lt;init&gt;(MapperMethod.java:178)
	at org.apache.ibatis.binding.MapperMethod.&lt;init&gt;(MapperMethod.java:38)
	at org.apache.ibatis.binding.MapperProxy.cachedMapperMethod(MapperProxy.java:49)
	at org.apache.ibatis.binding.MapperProxy.invoke(MapperProxy.java:42)
	at com.sun.proxy.$Proxy14.selectList(Unknown Source)
	at com.lin.service.impl.BlogServiceimpl.getHomeList(BlogServiceimpl.java:29)
	at com.lin.service.TestMybatis.test1(TestMybatis.java:49)
	at sun.reflect.NativeMethodAccessorImpl.invoke0(Native Method)
	at sun.reflect.NativeMethodAccessorImpl.invoke(NativeMethodAccessorImpl.java:57)
	at sun.reflect.DelegatingMethodAccessorImpl.invoke(DelegatingMethodAccessorImpl.java:43)
	at java.lang.reflect.Method.invoke(Method.java:606)
	at org.junit.runners.model.FrameworkMethod$1.runReflectiveCall(FrameworkMethod.java:45)
	at org.junit.internal.runners.model.ReflectiveCallable.run(ReflectiveCallable.java:15)
	at org.junit.runners.model.FrameworkMethod.invokeExplosively(FrameworkMethod.java:42)
	at org.junit.internal.runners.statements.InvokeMethod.evaluate(InvokeMethod.java:20)
	at org.springframework.test.context.junit4.statements.RunBeforeTestMethodCallbacks.evaluate(RunBeforeTestMethodCallbacks.java:74)
	at org.springframework.test.context.junit4.statements.RunAfterTestMethodCallbacks.evaluate(RunAfterTestMethodCallbacks.java:83)
	at org.springframework.test.context.junit4.statements.SpringRepeat.evaluate(SpringRepeat.java:72)
	at org.springframework.test.context.junit4.SpringJUnit4ClassRunner.runChild(SpringJUnit4ClassRunner.java:231)
	at org.springframework.test.context.junit4.SpringJUnit4ClassRunner.runChild(SpringJUnit4ClassRunner.java:88)
	at org.junit.runners.ParentRunner$3.run(ParentRunner.java:231)
	at org.junit.runners.ParentRunner$1.schedule(ParentRunner.java:60)
	at org.junit.runners.ParentRunner.runChildren(ParentRunner.java:229)
	at org.junit.runners.ParentRunner.access$000(ParentRunner.java:50)
	at org.junit.runners.ParentRunner$2.evaluate(ParentRunner.java:222)
	at org.springframework.test.context.junit4.statements.RunBeforeTestClassCallbacks.evaluate(RunBeforeTestClassCallbacks.java:61)
	at org.springframework.test.context.junit4.statements.RunAfterTestClassCallbacks.evaluate(RunAfterTestClassCallbacks.java:71)
	at org.junit.runners.ParentRunner.run(ParentRunner.java:300)
	at org.springframework.test.context.junit4.SpringJUnit4ClassRunner.run(SpringJUnit4ClassRunner.java:174)
	at org.apache.maven.surefire.junit4.JUnit4Provider.execute(JUnit4Provider.java:252)
	at org.apache.maven.surefire.junit4.JUnit4Provider.executeTestSet(JUnit4Provider.java:141)
	at org.apache.maven.surefire.junit4.JUnit4Provider.invoke(JUnit4Provider.java:112)
	at sun.reflect.NativeMethodAccessorImpl.invoke0(Native Method)
	at sun.reflect.NativeMethodAccessorImpl.invoke(NativeMethodAccessorImpl.java:57)
	at sun.reflect.DelegatingMethodAccessorImpl.invoke(DelegatingMethodAccessorImpl.java:43)
	at java.lang.reflect.Method.invoke(Method.java:606)
	at org.apache.maven.surefire.util.ReflectionUtils.invokeMethodWithArray(ReflectionUtils.java:189)
	at org.apache.maven.surefire.booter.ProviderFactory$ProviderProxy.invoke(ProviderFactory.java:165)
	at org.apache.maven.surefire.booter.ProviderFactory.invokeProvider(ProviderFactory.java:85)
	at org.apache.maven.surefire.booter.ForkedBooter.runSuitesInProcess(ForkedBooter.java:115)
	at org.apache.maven.surefire.booter.ForkedBooter.main(ForkedBooter.java:75)
Caused by: java.lang.IllegalArgumentException: Mapped Statements collection does not contain value for com.lin.dao.BlogMapper.selectList
	at org.apache.ibatis.session.Configuration$StrictMap.get(Configuration.java:768)
	at org.apache.ibatis.session.Configuration.getMappedStatement(Configuration.java:603)
	at org.apache.ibatis.session.Configuration.getMappedStatement(Configuration.java:596)
	at org.apache.ibatis.binding.MapperMethod$SqlCommand.&lt;init&gt;(MapperMethod.java:176)
	... 40 more
</error>
    <system-out>2016-12-17 19:27:07,556 [main] DEBUG [org.springframework.test.context.junit4.SpringJUnit4ClassRunner] - SpringJUnit4ClassRunner constructor called with [class com.lin.service.TestMybatis].
2016-12-17 19:27:07,605 [main] DEBUG [org.springframework.test.context.support.AbstractDelegatingSmartContextLoader] - Delegating to GenericXmlContextLoader to process context configuration [ContextConfigurationAttributes@690cbe41 declaringClass = &apos;com.lin.service.TestMybatis&apos;, locations = &apos;{classpath:application.xml, classpath:mybatis/mybatis-config.xml}&apos;, classes = &apos;{}&apos;, inheritLocations = true, initializers = &apos;{}&apos;, inheritInitializers = true, name = [null], contextLoaderClass = &apos;org.springframework.test.context.ContextLoader&apos;].
2016-12-17 19:27:07,608 [main] DEBUG [org.springframework.test.context.ContextLoaderUtils] - Could not find an &apos;annotation declaring class&apos; for annotation type [org.springframework.test.context.ActiveProfiles] and class [com.lin.service.TestMybatis]
2016-12-17 19:27:07,610 [main] DEBUG [org.springframework.test.context.TestContextManager] - @TestExecutionListeners is not present for class [class com.lin.service.TestMybatis]: using defaults.
2016-12-17 19:27:07,632 [main] DEBUG [org.springframework.test.annotation.ProfileValueUtils] - Retrieved @ProfileValueSourceConfiguration [null] for test class [com.lin.service.TestMybatis]
2016-12-17 19:27:07,632 [main] DEBUG [org.springframework.test.annotation.ProfileValueUtils] - Retrieved ProfileValueSource type [class org.springframework.test.annotation.SystemProfileValueSource] for class [com.lin.service.TestMybatis]
2016-12-17 19:27:07,633 [main] DEBUG [org.springframework.test.annotation.ProfileValueUtils] - Retrieved @ProfileValueSourceConfiguration [null] for test class [com.lin.service.TestMybatis]
2016-12-17 19:27:07,633 [main] DEBUG [org.springframework.test.annotation.ProfileValueUtils] - Retrieved ProfileValueSource type [class org.springframework.test.annotation.SystemProfileValueSource] for class [com.lin.service.TestMybatis]
2016-12-17 19:27:07,637 [main] DEBUG [org.springframework.test.annotation.ProfileValueUtils] - Retrieved @ProfileValueSourceConfiguration [null] for test class [com.lin.service.TestMybatis]
2016-12-17 19:27:07,637 [main] DEBUG [org.springframework.test.annotation.ProfileValueUtils] - Retrieved ProfileValueSource type [class org.springframework.test.annotation.SystemProfileValueSource] for class [com.lin.service.TestMybatis]
2016-12-17 19:27:07,645 [main] DEBUG [org.springframework.test.context.support.DependencyInjectionTestExecutionListener] - Performing dependency injection for test context [[TestContext@268f9f78 testClass = TestMybatis, testInstance = com.lin.service.TestMybatis@1f2e930f, testMethod = [null], testException = [null], mergedContextConfiguration = [MergedContextConfiguration@2ab8cdc7 testClass = TestMybatis, locations = &apos;{classpath:application.xml, classpath:mybatis/mybatis-config.xml}&apos;, classes = &apos;{}&apos;, contextInitializerClasses = &apos;[]&apos;, activeProfiles = &apos;{}&apos;, contextLoader = &apos;org.springframework.test.context.support.DelegatingSmartContextLoader&apos;, parent = [null]]]].
2016-12-17 19:27:07,645 [main] DEBUG [org.springframework.test.context.support.AbstractDelegatingSmartContextLoader] - Delegating to GenericXmlContextLoader to load context from [MergedContextConfiguration@2ab8cdc7 testClass = TestMybatis, locations = &apos;{classpath:application.xml, classpath:mybatis/mybatis-config.xml}&apos;, classes = &apos;{}&apos;, contextInitializerClasses = &apos;[]&apos;, activeProfiles = &apos;{}&apos;, contextLoader = &apos;org.springframework.test.context.support.DelegatingSmartContextLoader&apos;, parent = [null]].
2016-12-17 19:27:07,646 [main] DEBUG [org.springframework.test.context.support.AbstractGenericContextLoader] - Loading ApplicationContext for merged context configuration [[MergedContextConfiguration@2ab8cdc7 testClass = TestMybatis, locations = &apos;{classpath:application.xml, classpath:mybatis/mybatis-config.xml}&apos;, classes = &apos;{}&apos;, contextInitializerClasses = &apos;[]&apos;, activeProfiles = &apos;{}&apos;, contextLoader = &apos;org.springframework.test.context.support.DelegatingSmartContextLoader&apos;, parent = [null]]].
2016-12-17 19:27:07,751 [main] DEBUG [org.springframework.core.env.StandardEnvironment] - Adding [systemProperties] PropertySource with lowest search precedence
2016-12-17 19:27:07,754 [main] DEBUG [org.springframework.core.env.StandardEnvironment] - Adding [systemEnvironment] PropertySource with lowest search precedence
2016-12-17 19:27:07,754 [main] DEBUG [org.springframework.core.env.StandardEnvironment] - Initialized StandardEnvironment with PropertySources [systemProperties,systemEnvironment]
2016-12-17 19:27:07,766 [main] INFO  [org.springframework.beans.factory.xml.XmlBeanDefinitionReader] - Loading XML bean definitions from class path resource [application.xml]
2016-12-17 19:27:07,783 [main] DEBUG [org.springframework.beans.factory.xml.DefaultDocumentLoader] - Using JAXP provider [com.sun.org.apache.xerces.internal.jaxp.DocumentBuilderFactoryImpl]
2016-12-17 19:27:07,817 [main] DEBUG [org.springframework.beans.factory.xml.PluggableSchemaResolver] - Loading schema mappings from [META-INF/spring.schemas]
2016-12-17 19:27:07,822 [main] DEBUG [org.springframework.beans.factory.xml.PluggableSchemaResolver] - Loaded schema mappings: {http://mybatis.org/schema/mybatis-spring-1.2.xsd=org/mybatis/spring/config/mybatis-spring-1.2.xsd, http://www.springframework.org/schema/util/spring-util.xsd=org/springframework/beans/factory/xml/spring-util-3.2.xsd, http://www.springframework.org/schema/jee/spring-jee-3.2.xsd=org/springframework/ejb/config/spring-jee-3.2.xsd, http://www.springframework.org/schema/mvc/spring-mvc-3.1.xsd=org/springframework/web/servlet/config/spring-mvc-3.1.xsd, http://www.springframework.org/schema/task/spring-task.xsd=org/springframework/scheduling/config/spring-task-3.2.xsd, http://www.springframework.org/schema/beans/spring-beans-3.1.xsd=org/springframework/beans/factory/xml/spring-beans-3.1.xsd, http://www.springframework.org/schema/cache/spring-cache.xsd=org/springframework/cache/config/spring-cache-3.2.xsd, http://www.springframework.org/schema/aop/spring-aop-3.0.xsd=org/springframework/aop/config/spring-aop-3.0.xsd, http://www.springframework.org/schema/aop/spring-aop-2.0.xsd=org/springframework/aop/config/spring-aop-2.0.xsd, http://www.springframework.org/schema/task/spring-task-3.1.xsd=org/springframework/scheduling/config/spring-task-3.1.xsd, http://www.springframework.org/schema/tool/spring-tool-2.5.xsd=org/springframework/beans/factory/xml/spring-tool-2.5.xsd, http://www.springframework.org/schema/beans/spring-beans.xsd=org/springframework/beans/factory/xml/spring-beans-3.2.xsd, http://www.springframework.org/schema/jee/spring-jee-2.5.xsd=org/springframework/ejb/config/spring-jee-2.5.xsd, http://www.springframework.org/schema/jdbc/spring-jdbc-3.1.xsd=org/springframework/jdbc/config/spring-jdbc-3.1.xsd, http://www.springframework.org/schema/tool/spring-tool-3.1.xsd=org/springframework/beans/factory/xml/spring-tool-3.1.xsd, http://www.springframework.org/schema/aop/spring-aop.xsd=org/springframework/aop/config/spring-aop-3.2.xsd, http://www.springframework.org/schema/jee/spring-jee-3.1.xsd=org/springframework/ejb/config/spring-jee-3.1.xsd, http://www.springframework.org/schema/tx/spring-tx-3.2.xsd=org/springframework/transaction/config/spring-tx-3.2.xsd, http://www.springframework.org/schema/context/spring-context-3.2.xsd=org/springframework/context/config/spring-context-3.2.xsd, http://www.springframework.org/schema/beans/spring-beans-2.0.xsd=org/springframework/beans/factory/xml/spring-beans-2.0.xsd, http://www.springframework.org/schema/util/spring-util-3.2.xsd=org/springframework/beans/factory/xml/spring-util-3.2.xsd, http://www.springframework.org/schema/lang/spring-lang-3.2.xsd=org/springframework/scripting/config/spring-lang-3.2.xsd, http://www.springframework.org/schema/mvc/spring-mvc-3.0.xsd=org/springframework/web/servlet/config/spring-mvc-3.0.xsd, http://www.springframework.org/schema/beans/spring-beans-3.0.xsd=org/springframework/beans/factory/xml/spring-beans-3.0.xsd, http://www.springframework.org/schema/cache/spring-cache-3.2.xsd=org/springframework/cache/config/spring-cache-3.2.xsd, http://www.springframework.org/schema/task/spring-task-3.0.xsd=org/springframework/scheduling/config/spring-task-3.0.xsd, http://mybatis.org/schema/mybatis-spring.xsd=org/mybatis/spring/config/mybatis-spring-1.2.xsd, http://www.springframework.org/schema/tx/spring-tx-2.5.xsd=org/springframework/transaction/config/spring-tx-2.5.xsd, http://www.springframework.org/schema/context/spring-context-2.5.xsd=org/springframework/context/config/spring-context-2.5.xsd, http://www.springframework.org/schema/jdbc/spring-jdbc-3.0.xsd=org/springframework/jdbc/config/spring-jdbc-3.0.xsd, http://www.springframework.org/schema/tool/spring-tool-3.0.xsd=org/springframework/beans/factory/xml/spring-tool-3.0.xsd, http://www.springframework.org/schema/tx/spring-tx.xsd=org/springframework/transaction/config/spring-tx-3.2.xsd, http://www.springframework.org/schema/lang/spring-lang.xsd=org/springframework/scripting/config/spring-lang-3.2.xsd, http://www.springframework.org/schema/tool/spring-tool-2.0.xsd=org/springframework/beans/factory/xml/spring-tool-2.0.xsd, http://www.springframework.org/schema/util/spring-util-2.5.xsd=org/springframework/beans/factory/xml/spring-util-2.5.xsd, http://www.springframework.org/schema/lang/spring-lang-2.5.xsd=org/springframework/scripting/config/spring-lang-2.5.xsd, http://www.springframework.org/schema/aop/spring-aop-3.2.xsd=org/springframework/aop/config/spring-aop-3.2.xsd, http://www.springframework.org/schema/jee/spring-jee-3.0.xsd=org/springframework/ejb/config/spring-jee-3.0.xsd, http://www.springframework.org/schema/tx/spring-tx-3.1.xsd=org/springframework/transaction/config/spring-tx-3.1.xsd, http://www.springframework.org/schema/jee/spring-jee-2.0.xsd=org/springframework/ejb/config/spring-jee-2.0.xsd, http://www.springframework.org/schema/context/spring-context-3.1.xsd=org/springframework/context/config/spring-context-3.1.xsd, http://www.springframework.org/schema/util/spring-util-3.1.xsd=org/springframework/beans/factory/xml/spring-util-3.1.xsd, http://www.springframework.org/schema/lang/spring-lang-3.1.xsd=org/springframework/scripting/config/spring-lang-3.1.xsd, http://www.springframework.org/schema/cache/spring-cache-3.1.xsd=org/springframework/cache/config/spring-cache-3.1.xsd, http://www.springframework.org/schema/context/spring-context.xsd=org/springframework/context/config/spring-context-3.2.xsd, http://www.springframework.org/schema/jee/spring-jee.xsd=org/springframework/ejb/config/spring-jee-3.2.xsd, http://www.springframework.org/schema/aop/spring-aop-2.5.xsd=org/springframework/aop/config/spring-aop-2.5.xsd, http://www.springframework.org/schema/mvc/spring-mvc.xsd=org/springframework/web/servlet/config/spring-mvc-3.2.xsd, http://www.springframework.org/schema/jdbc/spring-jdbc.xsd=org/springframework/jdbc/config/spring-jdbc-3.2.xsd, http://www.springframework.org/schema/mvc/spring-mvc-3.2.xsd=org/springframework/web/servlet/config/spring-mvc-3.2.xsd, http://www.springframework.org/schema/beans/spring-beans-3.2.xsd=org/springframework/beans/factory/xml/spring-beans-3.2.xsd, http://www.springframework.org/schema/tx/spring-tx-2.0.xsd=org/springframework/transaction/config/spring-tx-2.0.xsd, http://www.springframework.org/schema/aop/spring-aop-3.1.xsd=org/springframework/aop/config/spring-aop-3.1.xsd, http://www.springframework.org/schema/task/spring-task-3.2.xsd=org/springframework/scheduling/config/spring-task-3.2.xsd, http://www.springframework.org/schema/tx/spring-tx-3.0.xsd=org/springframework/transaction/config/spring-tx-3.0.xsd, http://www.springframework.org/schema/context/spring-context-3.0.xsd=org/springframework/context/config/spring-context-3.0.xsd, http://www.springframework.org/schema/tool/spring-tool.xsd=org/springframework/beans/factory/xml/spring-tool-3.2.xsd, http://www.springframework.org/schema/util/spring-util-3.0.xsd=org/springframework/beans/factory/xml/spring-util-3.0.xsd, http://www.springframework.org/schema/lang/spring-lang-3.0.xsd=org/springframework/scripting/config/spring-lang-3.0.xsd, http://www.springframework.org/schema/util/spring-util-2.0.xsd=org/springframework/beans/factory/xml/spring-util-2.0.xsd, http://www.springframework.org/schema/lang/spring-lang-2.0.xsd=org/springframework/scripting/config/spring-lang-2.0.xsd, http://www.springframework.org/schema/jdbc/spring-jdbc-3.2.xsd=org/springframework/jdbc/config/spring-jdbc-3.2.xsd, http://www.springframework.org/schema/tool/spring-tool-3.2.xsd=org/springframework/beans/factory/xml/spring-tool-3.2.xsd, http://www.springframework.org/schema/beans/spring-beans-2.5.xsd=org/springframework/beans/factory/xml/spring-beans-2.5.xsd}
2016-12-17 19:27:07,825 [main] DEBUG [org.springframework.beans.factory.xml.PluggableSchemaResolver] - Found XML schema [http://www.springframework.org/schema/beans/spring-beans-3.0.xsd] in classpath: org/springframework/beans/factory/xml/spring-beans-3.0.xsd
2016-12-17 19:27:07,895 [main] DEBUG [org.springframework.beans.factory.xml.PluggableSchemaResolver] - Found XML schema [http://www.springframework.org/schema/context/spring-context-3.0.xsd] in classpath: org/springframework/context/config/spring-context-3.0.xsd
2016-12-17 19:27:07,910 [main] DEBUG [org.springframework.beans.factory.xml.PluggableSchemaResolver] - Found XML schema [http://www.springframework.org/schema/tool/spring-tool-3.0.xsd] in classpath: org/springframework/beans/factory/xml/spring-tool-3.0.xsd
2016-12-17 19:27:07,930 [main] DEBUG [org.springframework.beans.factory.xml.DefaultBeanDefinitionDocumentReader] - Loading bean definitions
2016-12-17 19:27:07,951 [main] DEBUG [org.springframework.beans.factory.xml.BeanDefinitionParserDelegate] - Neither XML &apos;id&apos; nor &apos;name&apos; specified - using generated bean name [org.mybatis.spring.mapper.MapperScannerConfigurer#0]
2016-12-17 19:27:07,955 [main] DEBUG [org.springframework.beans.factory.xml.DefaultNamespaceHandlerResolver] - Loaded NamespaceHandler mappings: {http://www.springframework.org/schema/p=org.springframework.beans.factory.xml.SimplePropertyNamespaceHandler, http://www.springframework.org/schema/mvc=org.springframework.web.servlet.config.MvcNamespaceHandler, http://www.springframework.org/schema/util=org.springframework.beans.factory.xml.UtilNamespaceHandler, http://www.springframework.org/schema/jee=org.springframework.ejb.config.JeeNamespaceHandler, http://www.springframework.org/schema/aop=org.springframework.aop.config.AopNamespaceHandler, http://www.springframework.org/schema/jdbc=org.springframework.jdbc.config.JdbcNamespaceHandler, http://www.springframework.org/schema/cache=org.springframework.cache.config.CacheNamespaceHandler, http://mybatis.org/schema/mybatis-spring=org.mybatis.spring.config.NamespaceHandler, http://www.springframework.org/schema/c=org.springframework.beans.factory.xml.SimpleConstructorNamespaceHandler, http://www.springframework.org/schema/tx=org.springframework.transaction.config.TxNamespaceHandler, http://www.springframework.org/schema/task=org.springframework.scheduling.config.TaskNamespaceHandler, http://www.springframework.org/schema/lang=org.springframework.scripting.config.LangNamespaceHandler, http://www.springframework.org/schema/context=org.springframework.context.config.ContextNamespaceHandler}
2016-12-17 19:27:07,973 [main] DEBUG [org.springframework.context.annotation.ClassPathBeanDefinitionScanner] - JSR-250 &apos;javax.annotation.ManagedBean&apos; found and supported for component scanning
2016-12-17 19:27:07,977 [main] DEBUG [org.springframework.context.annotation.ClassPathBeanDefinitionScanner] - JSR-330 &apos;javax.inject.Named&apos; annotation found and supported for component scanning
2016-12-17 19:27:07,984 [main] DEBUG [org.springframework.core.io.support.PathMatchingResourcePatternResolver] - Looking for matching resources in directory tree [G:\迅雷下载\Chrome\ssm_project\target\test-classes\com\lin\service]
2016-12-17 19:27:07,985 [main] DEBUG [org.springframework.core.io.support.PathMatchingResourcePatternResolver] - Searching directory [G:\迅雷下载\Chrome\ssm_project\target\test-classes\com\lin\service] for files matching pattern [G:/迅雷下载/Chrome/ssm_project/target/test-classes/com/lin/service/**/*.class]
2016-12-17 19:27:07,988 [main] DEBUG [org.springframework.core.io.support.PathMatchingResourcePatternResolver] - Looking for matching resources in directory tree [G:\迅雷下载\Chrome\ssm_project\target\classes\com\lin\service]
2016-12-17 19:27:07,988 [main] DEBUG [org.springframework.core.io.support.PathMatchingResourcePatternResolver] - Searching directory [G:\迅雷下载\Chrome\ssm_project\target\classes\com\lin\service] for files matching pattern [G:/迅雷下载/Chrome/ssm_project/target/classes/com/lin/service/**/*.class]
2016-12-17 19:27:07,989 [main] DEBUG [org.springframework.core.io.support.PathMatchingResourcePatternResolver] - Searching directory [G:\迅雷下载\Chrome\ssm_project\target\classes\com\lin\service\impl] for files matching pattern [G:/迅雷下载/Chrome/ssm_project/target/classes/com/lin/service/**/*.class]
2016-12-17 19:27:07,990 [main] DEBUG [org.springframework.core.io.support.PathMatchingResourcePatternResolver] - Resolved location pattern [classpath*:com/lin/service/**/*.class] to resources [file [G:\迅雷下载\Chrome\ssm_project\target\test-classes\com\lin\service\TestMybatis.class], file [G:\迅雷下载\Chrome\ssm_project\target\classes\com\lin\service\BlogServiceI.class], file [G:\迅雷下载\Chrome\ssm_project\target\classes\com\lin\service\impl\BlogServiceimpl.class], file [G:\迅雷下载\Chrome\ssm_project\target\classes\com\lin\service\impl\UserServiceimpl.class], file [G:\迅雷下载\Chrome\ssm_project\target\classes\com\lin\service\UserServiceI.class]]
2016-12-17 19:27:08,025 [main] DEBUG [org.springframework.context.annotation.ClassPathBeanDefinitionScanner] - Identified candidate component class: file [G:\迅雷下载\Chrome\ssm_project\target\classes\com\lin\service\impl\BlogServiceimpl.class]
2016-12-17 19:27:08,027 [main] DEBUG [org.springframework.context.annotation.ClassPathBeanDefinitionScanner] - Identified candidate component class: file [G:\迅雷下载\Chrome\ssm_project\target\classes\com\lin\service\impl\UserServiceimpl.class]
2016-12-17 19:27:08,039 [main] DEBUG [org.springframework.beans.factory.xml.XmlBeanDefinitionReader] - Loaded 10 bean definitions from location pattern [classpath:application.xml]
2016-12-17 19:27:08,039 [main] INFO  [org.springframework.beans.factory.xml.XmlBeanDefinitionReader] - Loading XML bean definitions from class path resource [mybatis/mybatis-config.xml]
2016-12-17 19:27:08,040 [main] DEBUG [org.springframework.beans.factory.xml.DefaultDocumentLoader] - Using JAXP provider [com.sun.org.apache.xerces.internal.jaxp.DocumentBuilderFactoryImpl]
2016-12-17 19:27:09,364 [main] DEBUG [org.springframework.beans.factory.xml.DefaultBeanDefinitionDocumentReader] - Loading bean definitions
2016-12-17 19:27:09,366 [main] DEBUG [org.springframework.beans.factory.xml.XmlBeanDefinitionReader] - Loaded 0 bean definitions from location pattern [classpath:mybatis/mybatis-config.xml]
2016-12-17 19:27:09,373 [main] INFO  [org.springframework.context.support.GenericApplicationContext] - Refreshing org.springframework.context.support.GenericApplicationContext@724cb162: startup date [Sat Dec 17 19:27:09 CST 2016]; root of context hierarchy
2016-12-17 19:27:09,373 [main] DEBUG [org.springframework.context.support.GenericApplicationContext] - Bean factory for org.springframework.context.support.GenericApplicationContext@724cb162: org.springframework.beans.factory.support.DefaultListableBeanFactory@76415e70: defining beans [propertyConfigurer,dataSource,org.mybatis.spring.mapper.MapperScannerConfigurer#0,sqlSessionFactory,blogService,userService,org.springframework.context.annotation.internalConfigurationAnnotationProcessor,org.springframework.context.annotation.internalAutowiredAnnotationProcessor,org.springframework.context.annotation.internalRequiredAnnotationProcessor,org.springframework.context.annotation.internalCommonAnnotationProcessor]; root of factory hierarchy
2016-12-17 19:27:09,403 [main] DEBUG [org.springframework.beans.factory.support.DefaultListableBeanFactory] - Creating shared instance of singleton bean &apos;org.mybatis.spring.mapper.MapperScannerConfigurer#0&apos;
2016-12-17 19:27:09,403 [main] DEBUG [org.springframework.beans.factory.support.DefaultListableBeanFactory] - Creating instance of bean &apos;org.mybatis.spring.mapper.MapperScannerConfigurer#0&apos;
2016-12-17 19:27:09,417 [main] DEBUG [org.springframework.beans.factory.support.DefaultListableBeanFactory] - Eagerly caching bean &apos;org.mybatis.spring.mapper.MapperScannerConfigurer#0&apos; to allow for resolving potential circular references
2016-12-17 19:27:09,451 [main] DEBUG [org.springframework.beans.factory.support.DefaultListableBeanFactory] - Invoking afterPropertiesSet() on bean with name &apos;org.mybatis.spring.mapper.MapperScannerConfigurer#0&apos;
2016-12-17 19:27:09,454 [main] DEBUG [org.springframework.beans.factory.support.DefaultListableBeanFactory] - Finished creating instance of bean &apos;org.mybatis.spring.mapper.MapperScannerConfigurer#0&apos;
2016-12-17 19:27:09,454 [main] DEBUG [org.springframework.beans.factory.support.DefaultListableBeanFactory] - Creating shared instance of singleton bean &apos;org.springframework.context.annotation.internalConfigurationAnnotationProcessor&apos;
2016-12-17 19:27:09,455 [main] DEBUG [org.springframework.beans.factory.support.DefaultListableBeanFactory] - Creating instance of bean &apos;org.springframework.context.annotation.internalConfigurationAnnotationProcessor&apos;
2016-12-17 19:27:09,458 [main] DEBUG [org.springframework.beans.factory.support.DefaultListableBeanFactory] - Eagerly caching bean &apos;org.springframework.context.annotation.internalConfigurationAnnotationProcessor&apos; to allow for resolving potential circular references
2016-12-17 19:27:09,458 [main] DEBUG [org.springframework.beans.factory.support.DefaultListableBeanFactory] - Finished creating instance of bean &apos;org.springframework.context.annotation.internalConfigurationAnnotationProcessor&apos;
2016-12-17 19:27:09,517 [main] DEBUG [org.springframework.core.env.StandardEnvironment] - Adding [systemProperties] PropertySource with lowest search precedence
2016-12-17 19:27:09,517 [main] DEBUG [org.springframework.core.env.StandardEnvironment] - Adding [systemEnvironment] PropertySource with lowest search precedence
2016-12-17 19:27:09,518 [main] DEBUG [org.springframework.core.env.StandardEnvironment] - Initialized StandardEnvironment with PropertySources [systemProperties,systemEnvironment]
2016-12-17 19:27:09,520 [main] DEBUG [org.springframework.core.io.support.PathMatchingResourcePatternResolver] - Looking for matching resources in directory tree [G:\迅雷下载\Chrome\ssm_project\target\classes\com\lin\dao]
2016-12-17 19:27:09,520 [main] DEBUG [org.springframework.core.io.support.PathMatchingResourcePatternResolver] - Searching directory [G:\迅雷下载\Chrome\ssm_project\target\classes\com\lin\dao] for files matching pattern [G:/迅雷下载/Chrome/ssm_project/target/classes/com/lin/dao/**/*.class]
2016-12-17 19:27:09,522 [main] DEBUG [org.springframework.core.io.support.PathMatchingResourcePatternResolver] - Resolved location pattern [classpath*:com/lin/dao/**/*.class] to resources [file [G:\迅雷下载\Chrome\ssm_project\target\classes\com\lin\dao\BlogMapper.class], file [G:\迅雷下载\Chrome\ssm_project\target\classes\com\lin\dao\CategoryMapper.class], file [G:\迅雷下载\Chrome\ssm_project\target\classes\com\lin\dao\MessageMapper.class], file [G:\迅雷下载\Chrome\ssm_project\target\classes\com\lin\dao\UserMapper.class]]
2016-12-17 19:27:09,524 [main] DEBUG [org.mybatis.spring.mapper.ClassPathMapperScanner] - Identified candidate component class: file [G:\迅雷下载\Chrome\ssm_project\target\classes\com\lin\dao\BlogMapper.class]
2016-12-17 19:27:09,525 [main] DEBUG [org.mybatis.spring.mapper.ClassPathMapperScanner] - Identified candidate component class: file [G:\迅雷下载\Chrome\ssm_project\target\classes\com\lin\dao\CategoryMapper.class]
2016-12-17 19:27:09,526 [main] DEBUG [org.mybatis.spring.mapper.ClassPathMapperScanner] - Identified candidate component class: file [G:\迅雷下载\Chrome\ssm_project\target\classes\com\lin\dao\MessageMapper.class]
2016-12-17 19:27:09,527 [main] DEBUG [org.mybatis.spring.mapper.ClassPathMapperScanner] - Identified candidate component class: file [G:\迅雷下载\Chrome\ssm_project\target\classes\com\lin\dao\UserMapper.class]
2016-12-17 19:27:09,528 [main] DEBUG [org.mybatis.spring.mapper.ClassPathMapperScanner] - Creating MapperFactoryBean with name &apos;blogMapper&apos; and &apos;com.lin.dao.BlogMapper&apos; mapperInterface
2016-12-17 19:27:09,530 [main] DEBUG [org.mybatis.spring.mapper.ClassPathMapperScanner] - Enabling autowire by type for MapperFactoryBean with name &apos;blogMapper&apos;.
2016-12-17 19:27:09,531 [main] DEBUG [org.mybatis.spring.mapper.ClassPathMapperScanner] - Creating MapperFactoryBean with name &apos;categoryMapper&apos; and &apos;com.lin.dao.CategoryMapper&apos; mapperInterface
2016-12-17 19:27:09,531 [main] DEBUG [org.mybatis.spring.mapper.ClassPathMapperScanner] - Enabling autowire by type for MapperFactoryBean with name &apos;categoryMapper&apos;.
2016-12-17 19:27:09,531 [main] DEBUG [org.mybatis.spring.mapper.ClassPathMapperScanner] - Creating MapperFactoryBean with name &apos;messageMapper&apos; and &apos;com.lin.dao.MessageMapper&apos; mapperInterface
2016-12-17 19:27:09,531 [main] DEBUG [org.mybatis.spring.mapper.ClassPathMapperScanner] - Enabling autowire by type for MapperFactoryBean with name &apos;messageMapper&apos;.
2016-12-17 19:27:09,531 [main] DEBUG [org.mybatis.spring.mapper.ClassPathMapperScanner] - Creating MapperFactoryBean with name &apos;userMapper&apos; and &apos;com.lin.dao.UserMapper&apos; mapperInterface
2016-12-17 19:27:09,531 [main] DEBUG [org.mybatis.spring.mapper.ClassPathMapperScanner] - Enabling autowire by type for MapperFactoryBean with name &apos;userMapper&apos;.
2016-12-17 19:27:09,533 [main] DEBUG [org.springframework.beans.factory.support.DefaultListableBeanFactory] - Creating shared instance of singleton bean &apos;propertyConfigurer&apos;
2016-12-17 19:27:09,533 [main] DEBUG [org.springframework.beans.factory.support.DefaultListableBeanFactory] - Creating instance of bean &apos;propertyConfigurer&apos;
2016-12-17 19:27:09,535 [main] DEBUG [org.springframework.beans.factory.support.DefaultListableBeanFactory] - Eagerly caching bean &apos;propertyConfigurer&apos; to allow for resolving potential circular references
2016-12-17 19:27:09,543 [main] DEBUG [org.springframework.core.io.support.PathMatchingResourcePatternResolver] - Looking for matching resources in directory tree [G:\迅雷下载\Chrome\ssm_project\target\classes\properties]
2016-12-17 19:27:09,544 [main] DEBUG [org.springframework.core.io.support.PathMatchingResourcePatternResolver] - Searching directory [G:\迅雷下载\Chrome\ssm_project\target\classes\properties] for files matching pattern [G:/迅雷下载/Chrome/ssm_project/target/classes/properties/*.properties]
2016-12-17 19:27:09,544 [main] DEBUG [org.springframework.core.io.support.PathMatchingResourcePatternResolver] - Resolved location pattern [classpath:properties/*.properties] to resources [file [G:\迅雷下载\Chrome\ssm_project\target\classes\properties\jdbc.properties]]
2016-12-17 19:27:09,545 [main] DEBUG [org.springframework.beans.factory.support.DefaultListableBeanFactory] - Finished creating instance of bean &apos;propertyConfigurer&apos;
2016-12-17 19:27:09,545 [main] INFO  [org.springframework.beans.factory.config.PropertyPlaceholderConfigurer] - Loading properties file from file [G:\迅雷下载\Chrome\ssm_project\target\classes\properties\jdbc.properties]
2016-12-17 19:27:09,551 [main] DEBUG [org.springframework.beans.factory.support.DefaultListableBeanFactory] - Creating shared instance of singleton bean &apos;org.springframework.context.annotation.internalAutowiredAnnotationProcessor&apos;
2016-12-17 19:27:09,551 [main] DEBUG [org.springframework.beans.factory.support.DefaultListableBeanFactory] - Creating instance of bean &apos;org.springframework.context.annotation.internalAutowiredAnnotationProcessor&apos;
2016-12-17 19:27:09,552 [main] INFO  [org.springframework.beans.factory.annotation.AutowiredAnnotationBeanPostProcessor] - JSR-330 &apos;javax.inject.Inject&apos; annotation found and supported for autowiring
2016-12-17 19:27:09,552 [main] DEBUG [org.springframework.beans.factory.support.DefaultListableBeanFactory] - Eagerly caching bean &apos;org.springframework.context.annotation.internalAutowiredAnnotationProcessor&apos; to allow for resolving potential circular references
2016-12-17 19:27:09,552 [main] DEBUG [org.springframework.beans.factory.support.DefaultListableBeanFactory] - Finished creating instance of bean &apos;org.springframework.context.annotation.internalAutowiredAnnotationProcessor&apos;
2016-12-17 19:27:09,552 [main] DEBUG [org.springframework.beans.factory.support.DefaultListableBeanFactory] - Creating shared instance of singleton bean &apos;org.springframework.context.annotation.internalRequiredAnnotationProcessor&apos;
2016-12-17 19:27:09,552 [main] DEBUG [org.springframework.beans.factory.support.DefaultListableBeanFactory] - Creating instance of bean &apos;org.springframework.context.annotation.internalRequiredAnnotationProcessor&apos;
2016-12-17 19:27:09,553 [main] DEBUG [org.springframework.beans.factory.support.DefaultListableBeanFactory] - Eagerly caching bean &apos;org.springframework.context.annotation.internalRequiredAnnotationProcessor&apos; to allow for resolving potential circular references
2016-12-17 19:27:09,553 [main] DEBUG [org.springframework.beans.factory.support.DefaultListableBeanFactory] - Finished creating instance of bean &apos;org.springframework.context.annotation.internalRequiredAnnotationProcessor&apos;
2016-12-17 19:27:09,553 [main] DEBUG [org.springframework.beans.factory.support.DefaultListableBeanFactory] - Creating shared instance of singleton bean &apos;org.springframework.context.annotation.internalCommonAnnotationProcessor&apos;
2016-12-17 19:27:09,553 [main] DEBUG [org.springframework.beans.factory.support.DefaultListableBeanFactory] - Creating instance of bean &apos;org.springframework.context.annotation.internalCommonAnnotationProcessor&apos;
2016-12-17 19:27:09,557 [main] DEBUG [org.springframework.beans.factory.support.DefaultListableBeanFactory] - Eagerly caching bean &apos;org.springframework.context.annotation.internalCommonAnnotationProcessor&apos; to allow for resolving potential circular references
2016-12-17 19:27:09,557 [main] DEBUG [org.springframework.beans.factory.support.DefaultListableBeanFactory] - Finished creating instance of bean &apos;org.springframework.context.annotation.internalCommonAnnotationProcessor&apos;
2016-12-17 19:27:09,557 [main] DEBUG [org.springframework.beans.factory.support.DefaultListableBeanFactory] - Creating shared instance of singleton bean &apos;org.springframework.context.annotation.ConfigurationClassPostProcessor.importAwareProcessor&apos;
2016-12-17 19:27:09,557 [main] DEBUG [org.springframework.beans.factory.support.DefaultListableBeanFactory] - Creating instance of bean &apos;org.springframework.context.annotation.ConfigurationClassPostProcessor.importAwareProcessor&apos;
2016-12-17 19:27:09,558 [main] DEBUG [org.springframework.beans.factory.support.DefaultListableBeanFactory] - Eagerly caching bean &apos;org.springframework.context.annotation.ConfigurationClassPostProcessor.importAwareProcessor&apos; to allow for resolving potential circular references
2016-12-17 19:27:09,558 [main] DEBUG [org.springframework.beans.factory.support.DefaultListableBeanFactory] - Finished creating instance of bean &apos;org.springframework.context.annotation.ConfigurationClassPostProcessor.importAwareProcessor&apos;
2016-12-17 19:27:09,560 [main] DEBUG [org.springframework.context.support.GenericApplicationContext] - Unable to locate MessageSource with name &apos;messageSource&apos;: using default [org.springframework.context.support.DelegatingMessageSource@622f1be6]
2016-12-17 19:27:09,562 [main] DEBUG [org.springframework.context.support.GenericApplicationContext] - Unable to locate ApplicationEventMulticaster with name &apos;applicationEventMulticaster&apos;: using default [org.springframework.context.event.SimpleApplicationEventMulticaster@cada993]
2016-12-17 19:27:09,564 [main] INFO  [org.springframework.beans.factory.support.DefaultListableBeanFactory] - Pre-instantiating singletons in org.springframework.beans.factory.support.DefaultListableBeanFactory@76415e70: defining beans [propertyConfigurer,dataSource,org.mybatis.spring.mapper.MapperScannerConfigurer#0,sqlSessionFactory,blogService,userService,org.springframework.context.annotation.internalConfigurationAnnotationProcessor,org.springframework.context.annotation.internalAutowiredAnnotationProcessor,org.springframework.context.annotation.internalRequiredAnnotationProcessor,org.springframework.context.annotation.internalCommonAnnotationProcessor,org.springframework.context.annotation.ConfigurationClassPostProcessor.importAwareProcessor,blogMapper,categoryMapper,messageMapper,userMapper]; root of factory hierarchy
2016-12-17 19:27:09,565 [main] DEBUG [org.springframework.beans.factory.support.DefaultListableBeanFactory] - Returning cached instance of singleton bean &apos;propertyConfigurer&apos;
2016-12-17 19:27:09,565 [main] DEBUG [org.springframework.beans.factory.support.DefaultListableBeanFactory] - Creating shared instance of singleton bean &apos;dataSource&apos;
2016-12-17 19:27:09,565 [main] DEBUG [org.springframework.beans.factory.support.DefaultListableBeanFactory] - Creating instance of bean &apos;dataSource&apos;
2016-12-17 19:27:09,568 [main] DEBUG [org.springframework.beans.factory.support.DefaultListableBeanFactory] - Eagerly caching bean &apos;dataSource&apos; to allow for resolving potential circular references
2016-12-17 19:27:09,579 [main] INFO  [org.springframework.jdbc.datasource.DriverManagerDataSource] - Loaded JDBC driver: com.mysql.jdbc.Driver
2016-12-17 19:27:09,579 [main] DEBUG [org.springframework.beans.factory.support.DefaultListableBeanFactory] - Finished creating instance of bean &apos;dataSource&apos;
2016-12-17 19:27:09,580 [main] DEBUG [org.springframework.beans.factory.support.DefaultListableBeanFactory] - Returning cached instance of singleton bean &apos;org.mybatis.spring.mapper.MapperScannerConfigurer#0&apos;
2016-12-17 19:27:09,580 [main] DEBUG [org.springframework.beans.factory.support.DefaultListableBeanFactory] - Creating shared instance of singleton bean &apos;sqlSessionFactory&apos;
2016-12-17 19:27:09,580 [main] DEBUG [org.springframework.beans.factory.support.DefaultListableBeanFactory] - Creating instance of bean &apos;sqlSessionFactory&apos;
2016-12-17 19:27:09,599 [main] DEBUG [org.springframework.beans.factory.support.DefaultListableBeanFactory] - Eagerly caching bean &apos;sqlSessionFactory&apos; to allow for resolving potential circular references
2016-12-17 19:27:09,603 [main] DEBUG [org.springframework.beans.factory.support.DefaultListableBeanFactory] - Returning cached instance of singleton bean &apos;dataSource&apos;
2016-12-17 19:27:09,604 [main] DEBUG [org.springframework.core.io.support.PathMatchingResourcePatternResolver] - Resolved location pattern [classpath*:com/lin/mapper/**/*.xml] to resources []
2016-12-17 19:27:09,605 [main] DEBUG [org.springframework.beans.factory.support.DefaultListableBeanFactory] - Invoking afterPropertiesSet() on bean with name &apos;sqlSessionFactory&apos;
2016-12-17 19:27:09,672 [main] DEBUG [org.mybatis.spring.SqlSessionFactoryBean] - Parsed configuration file: &apos;class path resource [mybatis/mybatis-config.xml]&apos;
2016-12-17 19:27:09,674 [main] DEBUG [org.springframework.jdbc.datasource.DriverManagerDataSource] - Creating new JDBC DriverManager Connection to [jdbc:mysql://localhost:3306/webqq?autoReconnect=true&amp;characterEncoding=utf8]
2016-12-17 19:27:09,849 [main] DEBUG [org.mybatis.spring.SqlSessionFactoryBean] - Property &apos;mapperLocations&apos; was not specified or no matching resources found
2016-12-17 19:27:09,850 [main] DEBUG [org.springframework.beans.factory.support.DefaultListableBeanFactory] - Finished creating instance of bean &apos;sqlSessionFactory&apos;
2016-12-17 19:27:09,850 [main] DEBUG [org.springframework.beans.factory.support.DefaultListableBeanFactory] - Creating shared instance of singleton bean &apos;blogService&apos;
2016-12-17 19:27:09,850 [main] DEBUG [org.springframework.beans.factory.support.DefaultListableBeanFactory] - Creating instance of bean &apos;blogService&apos;
2016-12-17 19:27:09,856 [main] DEBUG [org.springframework.beans.factory.annotation.InjectionMetadata] - Registered injected element on class [com.lin.service.impl.BlogServiceimpl]: ResourceElement for private com.lin.dao.BlogMapper com.lin.service.impl.BlogServiceimpl.blogMapper
2016-12-17 19:27:09,859 [main] DEBUG [org.springframework.beans.factory.annotation.InjectionMetadata] - Registered injected element on class [com.lin.service.impl.BlogServiceimpl]: AutowiredMethodElement for public void com.lin.service.impl.BlogServiceimpl.setBlogMapper(com.lin.dao.BlogMapper)
2016-12-17 19:27:09,859 [main] DEBUG [org.springframework.beans.factory.support.DefaultListableBeanFactory] - Eagerly caching bean &apos;blogService&apos; to allow for resolving potential circular references
2016-12-17 19:27:09,860 [main] DEBUG [org.springframework.beans.factory.annotation.InjectionMetadata] - Processing injected method of bean &apos;blogService&apos;: ResourceElement for private com.lin.dao.BlogMapper com.lin.service.impl.BlogServiceimpl.blogMapper
2016-12-17 19:27:09,860 [main] DEBUG [org.springframework.beans.factory.support.DefaultListableBeanFactory] - Creating shared instance of singleton bean &apos;blogMapper&apos;
2016-12-17 19:27:09,860 [main] DEBUG [org.springframework.beans.factory.support.DefaultListableBeanFactory] - Creating instance of bean &apos;blogMapper&apos;
2016-12-17 19:27:09,861 [main] DEBUG [org.springframework.beans.factory.support.DefaultListableBeanFactory] - Eagerly caching bean &apos;blogMapper&apos; to allow for resolving potential circular references
2016-12-17 19:27:09,866 [main] DEBUG [org.springframework.beans.factory.support.DefaultListableBeanFactory] - Returning eagerly cached instance of singleton bean &apos;blogMapper&apos; that is not fully initialized yet - a consequence of a circular reference
2016-12-17 19:27:09,866 [main] DEBUG [org.springframework.beans.factory.support.DefaultListableBeanFactory] - Creating shared instance of singleton bean &apos;categoryMapper&apos;
2016-12-17 19:27:09,866 [main] DEBUG [org.springframework.beans.factory.support.DefaultListableBeanFactory] - Creating instance of bean &apos;categoryMapper&apos;
2016-12-17 19:27:09,867 [main] DEBUG [org.springframework.beans.factory.support.DefaultListableBeanFactory] - Eagerly caching bean &apos;categoryMapper&apos; to allow for resolving potential circular references
2016-12-17 19:27:09,867 [main] DEBUG [org.springframework.beans.factory.support.DefaultListableBeanFactory] - Returning eagerly cached instance of singleton bean &apos;categoryMapper&apos; that is not fully initialized yet - a consequence of a circular reference
2016-12-17 19:27:09,868 [main] DEBUG [org.springframework.beans.factory.support.DefaultListableBeanFactory] - Creating shared instance of singleton bean &apos;messageMapper&apos;
2016-12-17 19:27:09,868 [main] DEBUG [org.springframework.beans.factory.support.DefaultListableBeanFactory] - Creating instance of bean &apos;messageMapper&apos;
2016-12-17 19:27:09,868 [main] DEBUG [org.springframework.beans.factory.support.DefaultListableBeanFactory] - Eagerly caching bean &apos;messageMapper&apos; to allow for resolving potential circular references
2016-12-17 19:27:09,868 [main] DEBUG [org.springframework.beans.factory.support.DefaultListableBeanFactory] - Returning eagerly cached instance of singleton bean &apos;messageMapper&apos; that is not fully initialized yet - a consequence of a circular reference
2016-12-17 19:27:09,869 [main] DEBUG [org.springframework.beans.factory.support.DefaultListableBeanFactory] - Creating shared instance of singleton bean &apos;userMapper&apos;
2016-12-17 19:27:09,869 [main] DEBUG [org.springframework.beans.factory.support.DefaultListableBeanFactory] - Creating instance of bean &apos;userMapper&apos;
2016-12-17 19:27:09,869 [main] DEBUG [org.springframework.beans.factory.support.DefaultListableBeanFactory] - Eagerly caching bean &apos;userMapper&apos; to allow for resolving potential circular references
2016-12-17 19:27:09,870 [main] DEBUG [org.springframework.beans.factory.support.DefaultListableBeanFactory] - Returning eagerly cached instance of singleton bean &apos;userMapper&apos; that is not fully initialized yet - a consequence of a circular reference
2016-12-17 19:27:09,870 [main] DEBUG [org.springframework.beans.factory.support.DefaultListableBeanFactory] - Returning cached instance of singleton bean &apos;sqlSessionFactory&apos;
2016-12-17 19:27:09,870 [main] DEBUG [org.springframework.beans.factory.support.DefaultListableBeanFactory] - Autowiring by type from bean name &apos;userMapper&apos; via property &apos;sqlSessionFactory&apos; to bean named &apos;sqlSessionFactory&apos;
2016-12-17 19:27:09,880 [main] DEBUG [org.springframework.beans.factory.support.DefaultListableBeanFactory] - Invoking afterPropertiesSet() on bean with name &apos;userMapper&apos;
2016-12-17 19:27:09,889 [main] DEBUG [org.springframework.beans.factory.support.DefaultListableBeanFactory] - Finished creating instance of bean &apos;userMapper&apos;
2016-12-17 19:27:09,890 [main] DEBUG [org.springframework.beans.factory.support.DefaultListableBeanFactory] - Returning cached instance of singleton bean &apos;sqlSessionFactory&apos;
2016-12-17 19:27:09,890 [main] DEBUG [org.springframework.beans.factory.support.DefaultListableBeanFactory] - Autowiring by type from bean name &apos;messageMapper&apos; via property &apos;sqlSessionFactory&apos; to bean named &apos;sqlSessionFactory&apos;
2016-12-17 19:27:09,891 [main] DEBUG [org.springframework.beans.factory.support.DefaultListableBeanFactory] - Invoking afterPropertiesSet() on bean with name &apos;messageMapper&apos;
2016-12-17 19:27:09,892 [main] DEBUG [org.springframework.beans.factory.support.DefaultListableBeanFactory] - Finished creating instance of bean &apos;messageMapper&apos;
2016-12-17 19:27:09,892 [main] DEBUG [org.springframework.beans.factory.support.DefaultListableBeanFactory] - Returning cached instance of singleton bean &apos;sqlSessionFactory&apos;
2016-12-17 19:27:09,892 [main] DEBUG [org.springframework.beans.factory.support.DefaultListableBeanFactory] - Autowiring by type from bean name &apos;categoryMapper&apos; via property &apos;sqlSessionFactory&apos; to bean named &apos;sqlSessionFactory&apos;
2016-12-17 19:27:09,893 [main] DEBUG [org.springframework.beans.factory.support.DefaultListableBeanFactory] - Invoking afterPropertiesSet() on bean with name &apos;categoryMapper&apos;
2016-12-17 19:27:09,894 [main] DEBUG [org.springframework.beans.factory.support.DefaultListableBeanFactory] - Finished creating instance of bean &apos;categoryMapper&apos;
2016-12-17 19:27:09,894 [main] DEBUG [org.springframework.beans.factory.support.DefaultListableBeanFactory] - Returning cached instance of singleton bean &apos;sqlSessionFactory&apos;
2016-12-17 19:27:09,894 [main] DEBUG [org.springframework.beans.factory.support.DefaultListableBeanFactory] - Autowiring by type from bean name &apos;blogMapper&apos; via property &apos;sqlSessionFactory&apos; to bean named &apos;sqlSessionFactory&apos;
2016-12-17 19:27:09,895 [main] DEBUG [org.springframework.beans.factory.support.DefaultListableBeanFactory] - Invoking afterPropertiesSet() on bean with name &apos;blogMapper&apos;
2016-12-17 19:27:09,896 [main] DEBUG [org.springframework.beans.factory.support.DefaultListableBeanFactory] - Finished creating instance of bean &apos;blogMapper&apos;
2016-12-17 19:27:09,899 [main] DEBUG [org.springframework.beans.factory.annotation.InjectionMetadata] - Processing injected method of bean &apos;blogService&apos;: AutowiredMethodElement for public void com.lin.service.impl.BlogServiceimpl.setBlogMapper(com.lin.dao.BlogMapper)
2016-12-17 19:27:09,900 [main] DEBUG [org.springframework.beans.factory.support.DefaultListableBeanFactory] - Returning cached instance of singleton bean &apos;blogMapper&apos;
2016-12-17 19:27:09,900 [main] DEBUG [org.springframework.beans.factory.annotation.AutowiredAnnotationBeanPostProcessor] - Autowiring by type from bean name &apos;blogService&apos; to bean named &apos;blogMapper&apos;
2016-12-17 19:27:09,900 [main] DEBUG [org.springframework.beans.factory.support.DefaultListableBeanFactory] - Finished creating instance of bean &apos;blogService&apos;
2016-12-17 19:27:09,901 [main] DEBUG [org.springframework.beans.factory.support.DefaultListableBeanFactory] - Creating shared instance of singleton bean &apos;userService&apos;
2016-12-17 19:27:09,901 [main] DEBUG [org.springframework.beans.factory.support.DefaultListableBeanFactory] - Creating instance of bean &apos;userService&apos;
2016-12-17 19:27:09,901 [main] DEBUG [org.springframework.beans.factory.annotation.InjectionMetadata] - Registered injected element on class [com.lin.service.impl.UserServiceimpl]: ResourceElement for private com.lin.dao.UserMapper com.lin.service.impl.UserServiceimpl.userMapper
2016-12-17 19:27:09,903 [main] DEBUG [org.springframework.beans.factory.annotation.InjectionMetadata] - Registered injected element on class [com.lin.service.impl.UserServiceimpl]: AutowiredMethodElement for public void com.lin.service.impl.UserServiceimpl.setUserMapper(com.lin.dao.UserMapper)
2016-12-17 19:27:09,903 [main] DEBUG [org.springframework.beans.factory.support.DefaultListableBeanFactory] - Eagerly caching bean &apos;userService&apos; to allow for resolving potential circular references
2016-12-17 19:27:09,904 [main] DEBUG [org.springframework.beans.factory.annotation.InjectionMetadata] - Processing injected method of bean &apos;userService&apos;: ResourceElement for private com.lin.dao.UserMapper com.lin.service.impl.UserServiceimpl.userMapper
2016-12-17 19:27:09,904 [main] DEBUG [org.springframework.beans.factory.support.DefaultListableBeanFactory] - Returning cached instance of singleton bean &apos;userMapper&apos;
2016-12-17 19:27:09,906 [main] DEBUG [org.springframework.beans.factory.annotation.InjectionMetadata] - Processing injected method of bean &apos;userService&apos;: AutowiredMethodElement for public void com.lin.service.impl.UserServiceimpl.setUserMapper(com.lin.dao.UserMapper)
2016-12-17 19:27:09,906 [main] DEBUG [org.springframework.beans.factory.support.DefaultListableBeanFactory] - Returning cached instance of singleton bean &apos;userMapper&apos;
2016-12-17 19:27:09,907 [main] DEBUG [org.springframework.beans.factory.annotation.AutowiredAnnotationBeanPostProcessor] - Autowiring by type from bean name &apos;userService&apos; to bean named &apos;userMapper&apos;
2016-12-17 19:27:09,907 [main] DEBUG [org.springframework.beans.factory.support.DefaultListableBeanFactory] - Finished creating instance of bean &apos;userService&apos;
2016-12-17 19:27:09,907 [main] DEBUG [org.springframework.beans.factory.support.DefaultListableBeanFactory] - Returning cached instance of singleton bean &apos;org.springframework.context.annotation.internalConfigurationAnnotationProcessor&apos;
2016-12-17 19:27:09,907 [main] DEBUG [org.springframework.beans.factory.support.DefaultListableBeanFactory] - Returning cached instance of singleton bean &apos;org.springframework.context.annotation.internalAutowiredAnnotationProcessor&apos;
2016-12-17 19:27:09,907 [main] DEBUG [org.springframework.beans.factory.support.DefaultListableBeanFactory] - Returning cached instance of singleton bean &apos;org.springframework.context.annotation.internalRequiredAnnotationProcessor&apos;
2016-12-17 19:27:09,908 [main] DEBUG [org.springframework.beans.factory.support.DefaultListableBeanFactory] - Returning cached instance of singleton bean &apos;org.springframework.context.annotation.internalCommonAnnotationProcessor&apos;
2016-12-17 19:27:09,908 [main] DEBUG [org.springframework.beans.factory.support.DefaultListableBeanFactory] - Returning cached instance of singleton bean &apos;org.springframework.context.annotation.ConfigurationClassPostProcessor.importAwareProcessor&apos;
2016-12-17 19:27:09,908 [main] DEBUG [org.springframework.beans.factory.support.DefaultListableBeanFactory] - Returning cached instance of singleton bean &apos;blogMapper&apos;
2016-12-17 19:27:09,908 [main] DEBUG [org.springframework.beans.factory.support.DefaultListableBeanFactory] - Returning cached instance of singleton bean &apos;categoryMapper&apos;
2016-12-17 19:27:09,908 [main] DEBUG [org.springframework.beans.factory.support.DefaultListableBeanFactory] - Returning cached instance of singleton bean &apos;messageMapper&apos;
2016-12-17 19:27:09,908 [main] DEBUG [org.springframework.beans.factory.support.DefaultListableBeanFactory] - Returning cached instance of singleton bean &apos;userMapper&apos;
2016-12-17 19:27:09,910 [main] DEBUG [org.springframework.context.support.GenericApplicationContext] - Unable to locate LifecycleProcessor with name &apos;lifecycleProcessor&apos;: using default [org.springframework.context.support.DefaultLifecycleProcessor@54985ce4]
2016-12-17 19:27:09,910 [main] DEBUG [org.springframework.beans.factory.support.DefaultListableBeanFactory] - Returning cached instance of singleton bean &apos;lifecycleProcessor&apos;
2016-12-17 19:27:09,914 [main] DEBUG [org.springframework.beans.factory.support.DefaultListableBeanFactory] - Returning cached instance of singleton bean &apos;sqlSessionFactory&apos;
2016-12-17 19:27:09,915 [main] DEBUG [org.springframework.core.env.PropertySourcesPropertyResolver] - Searching for key &apos;spring.liveBeansView.mbeanDomain&apos; in [systemProperties]
2016-12-17 19:27:09,916 [main] DEBUG [org.springframework.core.env.PropertySourcesPropertyResolver] - Searching for key &apos;spring.liveBeansView.mbeanDomain&apos; in [systemEnvironment]
2016-12-17 19:27:09,916 [main] DEBUG [org.springframework.core.env.PropertySourcesPropertyResolver] - Could not find key &apos;spring.liveBeansView.mbeanDomain&apos; in any property source. Returning [null]
2016-12-17 19:27:09,917 [main] DEBUG [org.springframework.test.context.CacheAwareContextLoaderDelegate] - Storing ApplicationContext in cache under key [[MergedContextConfiguration@2ab8cdc7 testClass = TestMybatis, locations = &apos;{classpath:application.xml, classpath:mybatis/mybatis-config.xml}&apos;, classes = &apos;{}&apos;, contextInitializerClasses = &apos;[]&apos;, activeProfiles = &apos;{}&apos;, contextLoader = &apos;org.springframework.test.context.support.DelegatingSmartContextLoader&apos;, parent = [null]]].
2016-12-17 19:27:09,920 [main] DEBUG [org.springframework.beans.factory.annotation.InjectionMetadata] - Processing injected method of bean &apos;com.lin.service.TestMybatis&apos;: AutowiredMethodElement for public void com.lin.service.TestMybatis.setBlogService(com.lin.service.BlogServiceI)
2016-12-17 19:27:09,921 [main] DEBUG [org.springframework.beans.factory.support.DefaultListableBeanFactory] - Returning cached instance of singleton bean &apos;blogService&apos;
2016-12-17 19:27:09,921 [main] DEBUG [org.springframework.beans.factory.annotation.AutowiredAnnotationBeanPostProcessor] - Autowiring by type from bean name &apos;com.lin.service.TestMybatis&apos; to bean named &apos;blogService&apos;
2016-12-17 19:27:09,921 [main] DEBUG [org.springframework.beans.factory.annotation.InjectionMetadata] - Processing injected method of bean &apos;com.lin.service.TestMybatis&apos;: AutowiredMethodElement for public void com.lin.service.TestMybatis.setUserService(com.lin.service.UserServiceI)
2016-12-17 19:27:09,922 [main] DEBUG [org.springframework.beans.factory.support.DefaultListableBeanFactory] - Returning cached instance of singleton bean &apos;userService&apos;
2016-12-17 19:27:09,922 [main] DEBUG [org.springframework.beans.factory.annotation.AutowiredAnnotationBeanPostProcessor] - Autowiring by type from bean name &apos;com.lin.service.TestMybatis&apos; to bean named &apos;userService&apos;
2016-12-17 19:27:09,928 [main] DEBUG [org.springframework.test.context.support.DirtiesContextTestExecutionListener] - After test method: context [[TestContext@268f9f78 testClass = TestMybatis, testInstance = com.lin.service.TestMybatis@1f2e930f, testMethod = test1@TestMybatis, testException = org.apache.ibatis.binding.BindingException: Invalid bound statement (not found): com.lin.dao.BlogMapper.selectList, mergedContextConfiguration = [MergedContextConfiguration@2ab8cdc7 testClass = TestMybatis, locations = &apos;{classpath:application.xml, classpath:mybatis/mybatis-config.xml}&apos;, classes = &apos;{}&apos;, contextInitializerClasses = &apos;[]&apos;, activeProfiles = &apos;{}&apos;, contextLoader = &apos;org.springframework.test.context.support.DelegatingSmartContextLoader&apos;, parent = [null]]]], class dirties context [false], class mode [null], method dirties context [false].
</system-out>
  </testcase>
</testsuite>