<?xml version="1.0" encoding="UTF-8" ?>
<testsuite failures="0" time="2.238" errors="1" skipped="0" tests="2" name="com.lin.service.TestMybatis">
  <properties>
[...]
</properties>
  <testcase time="2.237" classname="com.lin.service.TestMybatis" name="test1">
    <error message="Invalid bound statement (not found): com.lin.dao.CommentMapper.selectBybId" type="org.apache.ibatis.binding.BindingException">org.apache.ibatis.binding.BindingException: Invalid bound statement (not found): com.lin.dao.CommentMapper.selectBybId
	at org.apache.ibatis.binding.MapperMethod$SqlCommand.&lt;init&gt;(MapperMethod.java:178)
	at org.apache.ibatis.binding.MapperMethod.&lt;init&gt;(MapperMethod.java:38)
	at org.apache.ibatis.binding.MapperProxy.cachedMapperMethod(MapperProxy.java:49)
	at org.apache.ibatis.binding.MapperProxy.invoke(MapperProxy.java:42)
	at com.sun.proxy.$Proxy16.selectBybId(Unknown Source)
	at com.lin.service.impl.CommentServiceimpl.getComment(CommentServiceimpl.java:23)
	at com.lin.service.TestMybatis.test1(TestMybatis.java:68)
	at sun.reflect.NativeMethodAccessorImpl.invoke0(Native Method)
	at sun.reflect.NativeMethodAccessorImpl.invoke(NativeMethodAccessorImpl.java:57)
	at sun.reflect.DelegatingMethodAccessorImpl.invoke(DelegatingMethodAccessorImpl.java:43)
	at java.lang.reflect.Method.invoke(Method.java:606)
	at org.junit.runners.model.FrameworkMethod$1.runReflectiveCall(FrameworkMethod.java:45)
	at org.junit.internal.runners.model.ReflectiveCallable.run(ReflectiveCallable.java:15)
	at org.junit.runners.model.FrameworkMethod.invokeExplosively(FrameworkMethod.java:42)
	at org.junit.internal.runners.statements.InvokeMethod.evaluate(InvokeMethod.java:20)
	at org.springframework.test.context.junit4.statements.RunBeforeTestMethodCallbacks.evaluate(RunBeforeTestMethodCallbacks.java:74)
	at org.springframework.test.context.junit4.statements.RunAfterTestMethodCallbacks.evaluate(RunAfterTestMethodCallbacks.java:83)
	at org.springframework.test.context.junit4.statements.SpringRepeat.evaluate(SpringRepeat.java:72)
	at org.springframework.test.context.junit4.SpringJUnit4ClassRunner.runChild(SpringJUnit4ClassRunner.java:231)
	at org.springframework.test.context.junit4.SpringJUnit4ClassRunner.runChild(SpringJUnit4ClassRunner.java:88)
	at org.junit.runners.ParentRunner$3.run(ParentRunner.java:231)
	at org.junit.runners.ParentRunner$1.schedule(ParentRunner.java:60)
	at org.junit.runners.ParentRunner.runChildren(ParentRunner.java:229)
	at org.junit.runners.ParentRunner.access$000(ParentRunner.java:50)
	at org.junit.runners.ParentRunner$2.evaluate(ParentRunner.java:222)
	at org.springframework.test.context.junit4.statements.RunBeforeTestClassCallbacks.evaluate(RunBeforeTestClassCallbacks.java:61)
	at org.springframework.test.context.junit4.statements.RunAfterTestClassCallbacks.evaluate(RunAfterTestClassCallbacks.java:71)
	at org.junit.runners.ParentRunner.run(ParentRunner.java:300)
	at org.springframework.test.context.junit4.SpringJUnit4ClassRunner.run(SpringJUnit4ClassRunner.java:174)
	at org.apache.maven.surefire.junit4.JUnit4Provider.execute(JUnit4Provider.java:252)
	at org.apache.maven.surefire.junit4.JUnit4Provider.executeTestSet(JUnit4Provider.java:141)
	at org.apache.maven.surefire.junit4.JUnit4Provider.invoke(JUnit4Provider.java:112)
	at sun.reflect.NativeMethodAccessorImpl.invoke0(Native Method)
	at sun.reflect.NativeMethodAccessorImpl.invoke(NativeMethodAccessorImpl.java:57)
	at sun.reflect.DelegatingMethodAccessorImpl.invoke(DelegatingMethodAccessorImpl.java:43)
	at java.lang.reflect.Method.invoke(Method.java:606)
	at org.apache.maven.surefire.util.ReflectionUtils.invokeMethodWithArray(ReflectionUtils.java:189)
	at org.apache.maven.surefire.booter.ProviderFactory$ProviderProxy.invoke(ProviderFactory.java:165)
	at org.apache.maven.surefire.booter.ProviderFactory.invokeProvider(ProviderFactory.java:85)
	at org.apache.maven.surefire.booter.ForkedBooter.runSuitesInProcess(ForkedBooter.java:115)
	at org.apache.maven.surefire.booter.ForkedBooter.main(ForkedBooter.java:75)
Caused by: java.lang.IllegalArgumentException: Mapped Statements collection does not contain value for com.lin.dao.CommentMapper.selectBybId
	at org.apache.ibatis.session.Configuration$StrictMap.get(Configuration.java:768)
	at org.apache.ibatis.session.Configuration.getMappedStatement(Configuration.java:603)
	at org.apache.ibatis.session.Configuration.getMappedStatement(Configuration.java:596)
	at org.apache.ibatis.binding.MapperMethod$SqlCommand.&lt;init&gt;(MapperMethod.java:176)
	... 40 more
</error>
    <system-out>2017-02-04 15:14:44,618 [main] DEBUG [org.springframework.test.context.junit4.SpringJUnit4ClassRunner] - SpringJUnit4ClassRunner constructor called with [class com.lin.service.TestMybatis].
2017-02-04 15:14:44,671 [main] DEBUG [org.springframework.test.context.support.AbstractDelegatingSmartContextLoader] - Delegating to GenericXmlContextLoader to process context configuration [ContextConfigurationAttributes@3e6ea3fe declaringClass = &apos;com.lin.service.TestMybatis&apos;, locations = &apos;{classpath:application.xml, classpath:mybatis/mybatis-config.xml}&apos;, classes = &apos;{}&apos;, inheritLocations = true, initializers = &apos;{}&apos;, inheritInitializers = true, name = [null], contextLoaderClass = &apos;org.springframework.test.context.ContextLoader&apos;].
2017-02-04 15:14:44,675 [main] DEBUG [org.springframework.test.context.ContextLoaderUtils] - Could not find an &apos;annotation declaring class&apos; for annotation type [org.springframework.test.context.ActiveProfiles] and class [com.lin.service.TestMybatis]
2017-02-04 15:14:44,679 [main] DEBUG [org.springframework.test.context.TestContextManager] - @TestExecutionListeners is not present for class [class com.lin.service.TestMybatis]: using defaults.
2017-02-04 15:14:44,706 [main] DEBUG [org.springframework.test.annotation.ProfileValueUtils] - Retrieved @ProfileValueSourceConfiguration [null] for test class [com.lin.service.TestMybatis]
2017-02-04 15:14:44,706 [main] DEBUG [org.springframework.test.annotation.ProfileValueUtils] - Retrieved ProfileValueSource type [class org.springframework.test.annotation.SystemProfileValueSource] for class [com.lin.service.TestMybatis]
2017-02-04 15:14:44,708 [main] DEBUG [org.springframework.test.annotation.ProfileValueUtils] - Retrieved @ProfileValueSourceConfiguration [null] for test class [com.lin.service.TestMybatis]
2017-02-04 15:14:44,708 [main] DEBUG [org.springframework.test.annotation.ProfileValueUtils] - Retrieved ProfileValueSource type [class org.springframework.test.annotation.SystemProfileValueSource] for class [com.lin.service.TestMybatis]
2017-02-04 15:14:44,714 [main] DEBUG [org.springframework.test.annotation.ProfileValueUtils] - Retrieved @ProfileValueSourceConfiguration [null] for test class [com.lin.service.TestMybatis]
2017-02-04 15:14:44,715 [main] DEBUG [org.springframework.test.annotation.ProfileValueUtils] - Retrieved ProfileValueSource type [class org.springframework.test.annotation.SystemProfileValueSource] for class [com.lin.service.TestMybatis]
2017-02-04 15:14:44,723 [main] DEBUG [org.springframework.test.context.support.DependencyInjectionTestExecutionListener] - Performing dependency injection for test context [[TestContext@27c4b997 testClass = TestMybatis, testInstance = com.lin.service.TestMybatis@64747ce6, testMethod = [null], testException = [null], mergedContextConfiguration = [MergedContextConfiguration@1bb41390 testClass = TestMybatis, locations = &apos;{classpath:application.xml, classpath:mybatis/mybatis-config.xml}&apos;, classes = &apos;{}&apos;, contextInitializerClasses = &apos;[]&apos;, activeProfiles = &apos;{}&apos;, contextLoader = &apos;org.springframework.test.context.support.DelegatingSmartContextLoader&apos;, parent = [null]]]].
2017-02-04 15:14:44,723 [main] DEBUG [org.springframework.test.context.support.AbstractDelegatingSmartContextLoader] - Delegating to GenericXmlContextLoader to load context from [MergedContextConfiguration@1bb41390 testClass = TestMybatis, locations = &apos;{classpath:application.xml, classpath:mybatis/mybatis-config.xml}&apos;, classes = &apos;{}&apos;, contextInitializerClasses = &apos;[]&apos;, activeProfiles = &apos;{}&apos;, contextLoader = &apos;org.springframework.test.context.support.DelegatingSmartContextLoader&apos;, parent = [null]].
2017-02-04 15:14:44,724 [main] DEBUG [org.springframework.test.context.support.AbstractGenericContextLoader] - Loading ApplicationContext for merged context configuration [[MergedContextConfiguration@1bb41390 testClass = TestMybatis, locations = &apos;{classpath:application.xml, classpath:mybatis/mybatis-config.xml}&apos;, classes = &apos;{}&apos;, contextInitializerClasses = &apos;[]&apos;, activeProfiles = &apos;{}&apos;, contextLoader = &apos;org.springframework.test.context.support.DelegatingSmartContextLoader&apos;, parent = [null]]].
2017-02-04 15:14:44,831 [main] DEBUG [org.springframework.core.env.StandardEnvironment] - Adding [systemProperties] PropertySource with lowest search precedence
2017-02-04 15:14:44,834 [main] DEBUG [org.springframework.core.env.StandardEnvironment] - Adding [systemEnvironment] PropertySource with lowest search precedence
2017-02-04 15:14:44,834 [main] DEBUG [org.springframework.core.env.StandardEnvironment] - Initialized StandardEnvironment with PropertySources [systemProperties,systemEnvironment]
2017-02-04 15:14:44,846 [main] INFO  [org.springframework.beans.factory.xml.XmlBeanDefinitionReader] - Loading XML bean definitions from class path resource [application.xml]
2017-02-04 15:14:44,864 [main] DEBUG [org.springframework.beans.factory.xml.DefaultDocumentLoader] - Using JAXP provider [com.sun.org.apache.xerces.internal.jaxp.DocumentBuilderFactoryImpl]
2017-02-04 15:14:44,900 [main] DEBUG [org.springframework.beans.factory.xml.PluggableSchemaResolver] - Loading schema mappings from [META-INF/spring.schemas]
2017-02-04 15:14:44,904 [main] DEBUG [org.springframework.beans.factory.xml.PluggableSchemaResolver] - Loaded schema mappings: {http://mybatis.org/schema/mybatis-spring-1.2.xsd=org/mybatis/spring/config/mybatis-spring-1.2.xsd, http://www.springframework.org/schema/util/spring-util.xsd=org/springframework/beans/factory/xml/spring-util-3.2.xsd, http://www.springframework.org/schema/jee/spring-jee-3.2.xsd=org/springframework/ejb/config/spring-jee-3.2.xsd, http://www.springframework.org/schema/mvc/spring-mvc-3.1.xsd=org/springframework/web/servlet/config/spring-mvc-3.1.xsd, http://www.springframework.org/schema/task/spring-task.xsd=org/springframework/scheduling/config/spring-task-3.2.xsd, http://www.springframework.org/schema/beans/spring-beans-3.1.xsd=org/springframework/beans/factory/xml/spring-beans-3.1.xsd, http://www.springframework.org/schema/cache/spring-cache.xsd=org/springframework/cache/config/spring-cache-3.2.xsd, http://www.springframework.org/schema/aop/spring-aop-3.0.xsd=org/springframework/aop/config/spring-aop-3.0.xsd, http://www.springframework.org/schema/aop/spring-aop-2.0.xsd=org/springframework/aop/config/spring-aop-2.0.xsd, http://www.springframework.org/schema/task/spring-task-3.1.xsd=org/springframework/scheduling/config/spring-task-3.1.xsd, http://www.springframework.org/schema/tool/spring-tool-2.5.xsd=org/springframework/beans/factory/xml/spring-tool-2.5.xsd, http://www.springframework.org/schema/beans/spring-beans.xsd=org/springframework/beans/factory/xml/spring-beans-3.2.xsd, http://www.springframework.org/schema/jee/spring-jee-2.5.xsd=org/springframework/ejb/config/spring-jee-2.5.xsd, http://www.springframework.org/schema/jdbc/spring-jdbc-3.1.xsd=org/springframework/jdbc/config/spring-jdbc-3.1.xsd, http://www.springframework.org/schema/tool/spring-tool-3.1.xsd=org/springframework/beans/factory/xml/spring-tool-3.1.xsd, http://www.springframework.org/schema/aop/spring-aop.xsd=org/springframework/aop/config/spring-aop-3.2.xsd, http://www.springframework.org/schema/jee/spring-jee-3.1.xsd=org/springframework/ejb/config/spring-jee-3.1.xsd, http://www.springframework.org/schema/tx/spring-tx-3.2.xsd=org/springframework/transaction/config/spring-tx-3.2.xsd, http://www.springframework.org/schema/context/spring-context-3.2.xsd=org/springframework/context/config/spring-context-3.2.xsd, http://www.springframework.org/schema/beans/spring-beans-2.0.xsd=org/springframework/beans/factory/xml/spring-beans-2.0.xsd, http://www.springframework.org/schema/util/spring-util-3.2.xsd=org/springframework/beans/factory/xml/spring-util-3.2.xsd, http://www.springframework.org/schema/lang/spring-lang-3.2.xsd=org/springframework/scripting/config/spring-lang-3.2.xsd, http://www.springframework.org/schema/mvc/spring-mvc-3.0.xsd=org/springframework/web/servlet/config/spring-mvc-3.0.xsd, http://www.springframework.org/schema/beans/spring-beans-3.0.xsd=org/springframework/beans/factory/xml/spring-beans-3.0.xsd, http://www.springframework.org/schema/cache/spring-cache-3.2.xsd=org/springframework/cache/config/spring-cache-3.2.xsd, http://www.springframework.org/schema/task/spring-task-3.0.xsd=org/springframework/scheduling/config/spring-task-3.0.xsd, http://mybatis.org/schema/mybatis-spring.xsd=org/mybatis/spring/config/mybatis-spring-1.2.xsd, http://www.springframework.org/schema/tx/spring-tx-2.5.xsd=org/springframework/transaction/config/spring-tx-2.5.xsd, http://www.springframework.org/schema/context/spring-context-2.5.xsd=org/springframework/context/config/spring-context-2.5.xsd, http://www.springframework.org/schema/jdbc/spring-jdbc-3.0.xsd=org/springframework/jdbc/config/spring-jdbc-3.0.xsd, http://www.springframework.org/schema/tool/spring-tool-3.0.xsd=org/springframework/beans/factory/xml/spring-tool-3.0.xsd, http://www.springframework.org/schema/tx/spring-tx.xsd=org/springframework/transaction/config/spring-tx-3.2.xsd, http://www.springframework.org/schema/lang/spring-lang.xsd=org/springframework/scripting/config/spring-lang-3.2.xsd, http://www.springframework.org/schema/tool/spring-tool-2.0.xsd=org/springframework/beans/factory/xml/spring-tool-2.0.xsd, http://www.springframework.org/schema/util/spring-util-2.5.xsd=org/springframework/beans/factory/xml/spring-util-2.5.xsd, http://www.springframework.org/schema/lang/spring-lang-2.5.xsd=org/springframework/scripting/config/spring-lang-2.5.xsd, http://www.springframework.org/schema/aop/spring-aop-3.2.xsd=org/springframework/aop/config/spring-aop-3.2.xsd, http://www.springframework.org/schema/jee/spring-jee-3.0.xsd=org/springframework/ejb/config/spring-jee-3.0.xsd, http://www.springframework.org/schema/tx/spring-tx-3.1.xsd=org/springframework/transaction/config/spring-tx-3.1.xsd, http://www.springframework.org/schema/jee/spring-jee-2.0.xsd=org/springframework/ejb/config/spring-jee-2.0.xsd, http://www.springframework.org/schema/context/spring-context-3.1.xsd=org/springframework/context/config/spring-context-3.1.xsd, http://www.springframework.org/schema/util/spring-util-3.1.xsd=org/springframework/beans/factory/xml/spring-util-3.1.xsd, http://www.springframework.org/schema/lang/spring-lang-3.1.xsd=org/springframework/scripting/config/spring-lang-3.1.xsd, http://www.springframework.org/schema/cache/spring-cache-3.1.xsd=org/springframework/cache/config/spring-cache-3.1.xsd, http://www.springframework.org/schema/context/spring-context.xsd=org/springframework/context/config/spring-context-3.2.xsd, http://www.springframework.org/schema/jee/spring-jee.xsd=org/springframework/ejb/config/spring-jee-3.2.xsd, http://www.springframework.org/schema/aop/spring-aop-2.5.xsd=org/springframework/aop/config/spring-aop-2.5.xsd, http://www.springframework.org/schema/mvc/spring-mvc.xsd=org/springframework/web/servlet/config/spring-mvc-3.2.xsd, http://www.springframework.org/schema/jdbc/spring-jdbc.xsd=org/springframework/jdbc/config/spring-jdbc-3.2.xsd, http://www.springframework.org/schema/mvc/spring-mvc-3.2.xsd=org/springframework/web/servlet/config/spring-mvc-3.2.xsd, http://www.springframework.org/schema/beans/spring-beans-3.2.xsd=org/springframework/beans/factory/xml/spring-beans-3.2.xsd, http://www.springframework.org/schema/tx/spring-tx-2.0.xsd=org/springframework/transaction/config/spring-tx-2.0.xsd, http://www.springframework.org/schema/aop/spring-aop-3.1.xsd=org/springframework/aop/config/spring-aop-3.1.xsd, http://www.springframework.org/schema/task/spring-task-3.2.xsd=org/springframework/scheduling/config/spring-task-3.2.xsd, http://www.springframework.org/schema/tx/spring-tx-3.0.xsd=org/springframework/transaction/config/spring-tx-3.0.xsd, http://www.springframework.org/schema/context/spring-context-3.0.xsd=org/springframework/context/config/spring-context-3.0.xsd, http://www.springframework.org/schema/tool/spring-tool.xsd=org/springframework/beans/factory/xml/spring-tool-3.2.xsd, http://www.springframework.org/schema/util/spring-util-3.0.xsd=org/springframework/beans/factory/xml/spring-util-3.0.xsd, http://www.springframework.org/schema/lang/spring-lang-3.0.xsd=org/springframework/scripting/config/spring-lang-3.0.xsd, http://www.springframework.org/schema/util/spring-util-2.0.xsd=org/springframework/beans/factory/xml/spring-util-2.0.xsd, http://www.springframework.org/schema/lang/spring-lang-2.0.xsd=org/springframework/scripting/config/spring-lang-2.0.xsd, http://www.springframework.org/schema/jdbc/spring-jdbc-3.2.xsd=org/springframework/jdbc/config/spring-jdbc-3.2.xsd, http://www.springframework.org/schema/tool/spring-tool-3.2.xsd=org/springframework/beans/factory/xml/spring-tool-3.2.xsd, http://www.springframework.org/schema/beans/spring-beans-2.5.xsd=org/springframework/beans/factory/xml/spring-beans-2.5.xsd}
2017-02-04 15:14:44,907 [main] DEBUG [org.springframework.beans.factory.xml.PluggableSchemaResolver] - Found XML schema [http://www.springframework.org/schema/beans/spring-beans-3.0.xsd] in classpath: org/springframework/beans/factory/xml/spring-beans-3.0.xsd
2017-02-04 15:14:44,992 [main] DEBUG [org.springframework.beans.factory.xml.PluggableSchemaResolver] - Found XML schema [http://www.springframework.org/schema/context/spring-context-3.0.xsd] in classpath: org/springframework/context/config/spring-context-3.0.xsd
2017-02-04 15:14:45,002 [main] DEBUG [org.springframework.beans.factory.xml.PluggableSchemaResolver] - Found XML schema [http://www.springframework.org/schema/tool/spring-tool-3.0.xsd] in classpath: org/springframework/beans/factory/xml/spring-tool-3.0.xsd
2017-02-04 15:14:45,013 [main] DEBUG [org.springframework.beans.factory.xml.DefaultBeanDefinitionDocumentReader] - Loading bean definitions
2017-02-04 15:14:45,034 [main] DEBUG [org.springframework.beans.factory.xml.BeanDefinitionParserDelegate] - Neither XML &apos;id&apos; nor &apos;name&apos; specified - using generated bean name [org.mybatis.spring.mapper.MapperScannerConfigurer#0]
2017-02-04 15:14:45,037 [main] DEBUG [org.springframework.beans.factory.xml.DefaultNamespaceHandlerResolver] - Loaded NamespaceHandler mappings: {http://www.springframework.org/schema/p=org.springframework.beans.factory.xml.SimplePropertyNamespaceHandler, http://www.springframework.org/schema/mvc=org.springframework.web.servlet.config.MvcNamespaceHandler, http://www.springframework.org/schema/util=org.springframework.beans.factory.xml.UtilNamespaceHandler, http://www.springframework.org/schema/jee=org.springframework.ejb.config.JeeNamespaceHandler, http://www.springframework.org/schema/aop=org.springframework.aop.config.AopNamespaceHandler, http://www.springframework.org/schema/jdbc=org.springframework.jdbc.config.JdbcNamespaceHandler, http://www.springframework.org/schema/cache=org.springframework.cache.config.CacheNamespaceHandler, http://mybatis.org/schema/mybatis-spring=org.mybatis.spring.config.NamespaceHandler, http://www.springframework.org/schema/c=org.springframework.beans.factory.xml.SimpleConstructorNamespaceHandler, http://www.springframework.org/schema/tx=org.springframework.transaction.config.TxNamespaceHandler, http://www.springframework.org/schema/task=org.springframework.scheduling.config.TaskNamespaceHandler, http://www.springframework.org/schema/lang=org.springframework.scripting.config.LangNamespaceHandler, http://www.springframework.org/schema/context=org.springframework.context.config.ContextNamespaceHandler}
2017-02-04 15:14:45,057 [main] DEBUG [org.springframework.context.annotation.ClassPathBeanDefinitionScanner] - JSR-250 &apos;javax.annotation.ManagedBean&apos; found and supported for component scanning
2017-02-04 15:14:45,060 [main] DEBUG [org.springframework.context.annotation.ClassPathBeanDefinitionScanner] - JSR-330 &apos;javax.inject.Named&apos; annotation found and supported for component scanning
2017-02-04 15:14:45,069 [main] DEBUG [org.springframework.core.io.support.PathMatchingResourcePatternResolver] - Looking for matching resources in directory tree [G:\迅雷下载\Chrome\ssm_project\target\test-classes\com\lin\service]
2017-02-04 15:14:45,069 [main] DEBUG [org.springframework.core.io.support.PathMatchingResourcePatternResolver] - Searching directory [G:\迅雷下载\Chrome\ssm_project\target\test-classes\com\lin\service] for files matching pattern [G:/迅雷下载/Chrome/ssm_project/target/test-classes/com/lin/service/**/*.class]
2017-02-04 15:14:45,075 [main] DEBUG [org.springframework.core.io.support.PathMatchingResourcePatternResolver] - Looking for matching resources in directory tree [G:\迅雷下载\Chrome\ssm_project\target\classes\com\lin\service]
2017-02-04 15:14:45,075 [main] DEBUG [org.springframework.core.io.support.PathMatchingResourcePatternResolver] - Searching directory [G:\迅雷下载\Chrome\ssm_project\target\classes\com\lin\service] for files matching pattern [G:/迅雷下载/Chrome/ssm_project/target/classes/com/lin/service/**/*.class]
2017-02-04 15:14:45,077 [main] DEBUG [org.springframework.core.io.support.PathMatchingResourcePatternResolver] - Searching directory [G:\迅雷下载\Chrome\ssm_project\target\classes\com\lin\service\impl] for files matching pattern [G:/迅雷下载/Chrome/ssm_project/target/classes/com/lin/service/**/*.class]
2017-02-04 15:14:45,080 [main] DEBUG [org.springframework.core.io.support.PathMatchingResourcePatternResolver] - Resolved location pattern [classpath*:com/lin/service/**/*.class] to resources [file [G:\迅雷下载\Chrome\ssm_project\target\test-classes\com\lin\service\RedisJava.class], file [G:\迅雷下载\Chrome\ssm_project\target\test-classes\com\lin\service\testdate.class], file [G:\迅雷下载\Chrome\ssm_project\target\test-classes\com\lin\service\TestMybatis.class], file [G:\迅雷下载\Chrome\ssm_project\target\classes\com\lin\service\BlogServiceI.class], file [G:\迅雷下载\Chrome\ssm_project\target\classes\com\lin\service\CategoryServiceI.class], file [G:\迅雷下载\Chrome\ssm_project\target\classes\com\lin\service\CommentServiceI.class], file [G:\迅雷下载\Chrome\ssm_project\target\classes\com\lin\service\impl\BlogServiceimpl.class], file [G:\迅雷下载\Chrome\ssm_project\target\classes\com\lin\service\impl\CategoryServiceimpl.class], file [G:\迅雷下载\Chrome\ssm_project\target\classes\com\lin\service\impl\CommentServiceimpl.class], file [G:\迅雷下载\Chrome\ssm_project\target\classes\com\lin\service\impl\MessageInfoServiceimpl.class], file [G:\迅雷下载\Chrome\ssm_project\target\classes\com\lin\service\impl\MessageServiceimpl.class], file [G:\迅雷下载\Chrome\ssm_project\target\classes\com\lin\service\impl\UserServiceimpl.class], file [G:\迅雷下载\Chrome\ssm_project\target\classes\com\lin\service\MessageInfoServiceI.class], file [G:\迅雷下载\Chrome\ssm_project\target\classes\com\lin\service\MessageServiceI.class], file [G:\迅雷下载\Chrome\ssm_project\target\classes\com\lin\service\UserServiceI.class]]
2017-02-04 15:14:45,118 [main] DEBUG [org.springframework.context.annotation.ClassPathBeanDefinitionScanner] - Identified candidate component class: file [G:\迅雷下载\Chrome\ssm_project\target\classes\com\lin\service\impl\BlogServiceimpl.class]
2017-02-04 15:14:45,119 [main] DEBUG [org.springframework.context.annotation.ClassPathBeanDefinitionScanner] - Identified candidate component class: file [G:\迅雷下载\Chrome\ssm_project\target\classes\com\lin\service\impl\CategoryServiceimpl.class]
2017-02-04 15:14:45,120 [main] DEBUG [org.springframework.context.annotation.ClassPathBeanDefinitionScanner] - Identified candidate component class: file [G:\迅雷下载\Chrome\ssm_project\target\classes\com\lin\service\impl\CommentServiceimpl.class]
2017-02-04 15:14:45,122 [main] DEBUG [org.springframework.context.annotation.ClassPathBeanDefinitionScanner] - Identified candidate component class: file [G:\迅雷下载\Chrome\ssm_project\target\classes\com\lin\service\impl\MessageInfoServiceimpl.class]
2017-02-04 15:14:45,123 [main] DEBUG [org.springframework.context.annotation.ClassPathBeanDefinitionScanner] - Identified candidate component class: file [G:\迅雷下载\Chrome\ssm_project\target\classes\com\lin\service\impl\MessageServiceimpl.class]
2017-02-04 15:14:45,124 [main] DEBUG [org.springframework.context.annotation.ClassPathBeanDefinitionScanner] - Identified candidate component class: file [G:\迅雷下载\Chrome\ssm_project\target\classes\com\lin\service\impl\UserServiceimpl.class]
2017-02-04 15:14:45,141 [main] DEBUG [org.springframework.beans.factory.xml.XmlBeanDefinitionReader] - Loaded 14 bean definitions from location pattern [classpath:application.xml]
2017-02-04 15:14:45,141 [main] INFO  [org.springframework.beans.factory.xml.XmlBeanDefinitionReader] - Loading XML bean definitions from class path resource [mybatis/mybatis-config.xml]
2017-02-04 15:14:45,143 [main] DEBUG [org.springframework.beans.factory.xml.DefaultDocumentLoader] - Using JAXP provider [com.sun.org.apache.xerces.internal.jaxp.DocumentBuilderFactoryImpl]
2017-02-04 15:14:46,306 [main] DEBUG [org.springframework.beans.factory.xml.DefaultBeanDefinitionDocumentReader] - Loading bean definitions
2017-02-04 15:14:46,308 [main] DEBUG [org.springframework.beans.factory.xml.XmlBeanDefinitionReader] - Loaded 0 bean definitions from location pattern [classpath:mybatis/mybatis-config.xml]
2017-02-04 15:14:46,314 [main] INFO  [org.springframework.context.support.GenericApplicationContext] - Refreshing org.springframework.context.support.GenericApplicationContext@6871729c: startup date [Sat Feb 04 15:14:46 CST 2017]; root of context hierarchy
2017-02-04 15:14:46,315 [main] DEBUG [org.springframework.context.support.GenericApplicationContext] - Bean factory for org.springframework.context.support.GenericApplicationContext@6871729c: org.springframework.beans.factory.support.DefaultListableBeanFactory@7e191c17: defining beans [propertyConfigurer,dataSource,org.mybatis.spring.mapper.MapperScannerConfigurer#0,sqlSessionFactory,blogService,categoryService,CommentService,messageInfoService,messageService,userService,org.springframework.context.annotation.internalConfigurationAnnotationProcessor,org.springframework.context.annotation.internalAutowiredAnnotationProcessor,org.springframework.context.annotation.internalRequiredAnnotationProcessor,org.springframework.context.annotation.internalCommonAnnotationProcessor]; root of factory hierarchy
2017-02-04 15:14:46,347 [main] DEBUG [org.springframework.beans.factory.support.DefaultListableBeanFactory] - Creating shared instance of singleton bean &apos;org.mybatis.spring.mapper.MapperScannerConfigurer#0&apos;
2017-02-04 15:14:46,348 [main] DEBUG [org.springframework.beans.factory.support.DefaultListableBeanFactory] - Creating instance of bean &apos;org.mybatis.spring.mapper.MapperScannerConfigurer#0&apos;
2017-02-04 15:14:46,366 [main] DEBUG [org.springframework.beans.factory.support.DefaultListableBeanFactory] - Eagerly caching bean &apos;org.mybatis.spring.mapper.MapperScannerConfigurer#0&apos; to allow for resolving potential circular references
2017-02-04 15:14:46,427 [main] DEBUG [org.springframework.beans.factory.support.DefaultListableBeanFactory] - Invoking afterPropertiesSet() on bean with name &apos;org.mybatis.spring.mapper.MapperScannerConfigurer#0&apos;
2017-02-04 15:14:46,429 [main] DEBUG [org.springframework.beans.factory.support.DefaultListableBeanFactory] - Finished creating instance of bean &apos;org.mybatis.spring.mapper.MapperScannerConfigurer#0&apos;
2017-02-04 15:14:46,429 [main] DEBUG [org.springframework.beans.factory.support.DefaultListableBeanFactory] - Creating shared instance of singleton bean &apos;org.springframework.context.annotation.internalConfigurationAnnotationProcessor&apos;
2017-02-04 15:14:46,429 [main] DEBUG [org.springframework.beans.factory.support.DefaultListableBeanFactory] - Creating instance of bean &apos;org.springframework.context.annotation.internalConfigurationAnnotationProcessor&apos;
2017-02-04 15:14:46,432 [main] DEBUG [org.springframework.beans.factory.support.DefaultListableBeanFactory] - Eagerly caching bean &apos;org.springframework.context.annotation.internalConfigurationAnnotationProcessor&apos; to allow for resolving potential circular references
2017-02-04 15:14:46,432 [main] DEBUG [org.springframework.beans.factory.support.DefaultListableBeanFactory] - Finished creating instance of bean &apos;org.springframework.context.annotation.internalConfigurationAnnotationProcessor&apos;
2017-02-04 15:14:46,466 [main] DEBUG [org.springframework.core.env.StandardEnvironment] - Adding [systemProperties] PropertySource with lowest search precedence
2017-02-04 15:14:46,466 [main] DEBUG [org.springframework.core.env.StandardEnvironment] - Adding [systemEnvironment] PropertySource with lowest search precedence
2017-02-04 15:14:46,466 [main] DEBUG [org.springframework.core.env.StandardEnvironment] - Initialized StandardEnvironment with PropertySources [systemProperties,systemEnvironment]
2017-02-04 15:14:46,468 [main] DEBUG [org.springframework.core.io.support.PathMatchingResourcePatternResolver] - Looking for matching resources in directory tree [G:\迅雷下载\Chrome\ssm_project\target\classes\com\lin\dao]
2017-02-04 15:14:46,468 [main] DEBUG [org.springframework.core.io.support.PathMatchingResourcePatternResolver] - Searching directory [G:\迅雷下载\Chrome\ssm_project\target\classes\com\lin\dao] for files matching pattern [G:/迅雷下载/Chrome/ssm_project/target/classes/com/lin/dao/**/*.class]
2017-02-04 15:14:46,469 [main] DEBUG [org.springframework.core.io.support.PathMatchingResourcePatternResolver] - Resolved location pattern [classpath*:com/lin/dao/**/*.class] to resources [file [G:\迅雷下载\Chrome\ssm_project\target\classes\com\lin\dao\BlogMapper.class], file [G:\迅雷下载\Chrome\ssm_project\target\classes\com\lin\dao\CategoryMapper.class], file [G:\迅雷下载\Chrome\ssm_project\target\classes\com\lin\dao\CommentMapper.class], file [G:\迅雷下载\Chrome\ssm_project\target\classes\com\lin\dao\MessageInfoMapper.class], file [G:\迅雷下载\Chrome\ssm_project\target\classes\com\lin\dao\MessageMapper.class], file [G:\迅雷下载\Chrome\ssm_project\target\classes\com\lin\dao\UserMapper.class]]
2017-02-04 15:14:46,471 [main] DEBUG [org.mybatis.spring.mapper.ClassPathMapperScanner] - Identified candidate component class: file [G:\迅雷下载\Chrome\ssm_project\target\classes\com\lin\dao\BlogMapper.class]
2017-02-04 15:14:46,472 [main] DEBUG [org.mybatis.spring.mapper.ClassPathMapperScanner] - Identified candidate component class: file [G:\迅雷下载\Chrome\ssm_project\target\classes\com\lin\dao\CategoryMapper.class]
2017-02-04 15:14:46,473 [main] DEBUG [org.mybatis.spring.mapper.ClassPathMapperScanner] - Identified candidate component class: file [G:\迅雷下载\Chrome\ssm_project\target\classes\com\lin\dao\CommentMapper.class]
2017-02-04 15:14:46,473 [main] DEBUG [org.mybatis.spring.mapper.ClassPathMapperScanner] - Identified candidate component class: file [G:\迅雷下载\Chrome\ssm_project\target\classes\com\lin\dao\MessageInfoMapper.class]
2017-02-04 15:14:46,474 [main] DEBUG [org.mybatis.spring.mapper.ClassPathMapperScanner] - Identified candidate component class: file [G:\迅雷下载\Chrome\ssm_project\target\classes\com\lin\dao\MessageMapper.class]
2017-02-04 15:14:46,475 [main] DEBUG [org.mybatis.spring.mapper.ClassPathMapperScanner] - Identified candidate component class: file [G:\迅雷下载\Chrome\ssm_project\target\classes\com\lin\dao\UserMapper.class]
2017-02-04 15:14:46,476 [main] DEBUG [org.mybatis.spring.mapper.ClassPathMapperScanner] - Creating MapperFactoryBean with name &apos;blogMapper&apos; and &apos;com.lin.dao.BlogMapper&apos; mapperInterface
2017-02-04 15:14:46,477 [main] DEBUG [org.mybatis.spring.mapper.ClassPathMapperScanner] - Enabling autowire by type for MapperFactoryBean with name &apos;blogMapper&apos;.
2017-02-04 15:14:46,477 [main] DEBUG [org.mybatis.spring.mapper.ClassPathMapperScanner] - Creating MapperFactoryBean with name &apos;categoryMapper&apos; and &apos;com.lin.dao.CategoryMapper&apos; mapperInterface
2017-02-04 15:14:46,478 [main] DEBUG [org.mybatis.spring.mapper.ClassPathMapperScanner] - Enabling autowire by type for MapperFactoryBean with name &apos;categoryMapper&apos;.
2017-02-04 15:14:46,478 [main] DEBUG [org.mybatis.spring.mapper.ClassPathMapperScanner] - Creating MapperFactoryBean with name &apos;commentMapper&apos; and &apos;com.lin.dao.CommentMapper&apos; mapperInterface
2017-02-04 15:14:46,478 [main] DEBUG [org.mybatis.spring.mapper.ClassPathMapperScanner] - Enabling autowire by type for MapperFactoryBean with name &apos;commentMapper&apos;.
2017-02-04 15:14:46,478 [main] DEBUG [org.mybatis.spring.mapper.ClassPathMapperScanner] - Creating MapperFactoryBean with name &apos;messageInfoMapper&apos; and &apos;com.lin.dao.MessageInfoMapper&apos; mapperInterface
2017-02-04 15:14:46,478 [main] DEBUG [org.mybatis.spring.mapper.ClassPathMapperScanner] - Enabling autowire by type for MapperFactoryBean with name &apos;messageInfoMapper&apos;.
2017-02-04 15:14:46,478 [main] DEBUG [org.mybatis.spring.mapper.ClassPathMapperScanner] - Creating MapperFactoryBean with name &apos;messageMapper&apos; and &apos;com.lin.dao.MessageMapper&apos; mapperInterface
2017-02-04 15:14:46,478 [main] DEBUG [org.mybatis.spring.mapper.ClassPathMapperScanner] - Enabling autowire by type for MapperFactoryBean with name &apos;messageMapper&apos;.
2017-02-04 15:14:46,478 [main] DEBUG [org.mybatis.spring.mapper.ClassPathMapperScanner] - Creating MapperFactoryBean with name &apos;userMapper&apos; and &apos;com.lin.dao.UserMapper&apos; mapperInterface
2017-02-04 15:14:46,479 [main] DEBUG [org.mybatis.spring.mapper.ClassPathMapperScanner] - Enabling autowire by type for MapperFactoryBean with name &apos;userMapper&apos;.
2017-02-04 15:14:46,481 [main] DEBUG [org.springframework.beans.factory.support.DefaultListableBeanFactory] - Creating shared instance of singleton bean &apos;propertyConfigurer&apos;
2017-02-04 15:14:46,482 [main] DEBUG [org.springframework.beans.factory.support.DefaultListableBeanFactory] - Creating instance of bean &apos;propertyConfigurer&apos;
2017-02-04 15:14:46,484 [main] DEBUG [org.springframework.beans.factory.support.DefaultListableBeanFactory] - Eagerly caching bean &apos;propertyConfigurer&apos; to allow for resolving potential circular references
2017-02-04 15:14:46,491 [main] DEBUG [org.springframework.core.io.support.PathMatchingResourcePatternResolver] - Looking for matching resources in directory tree [G:\迅雷下载\Chrome\ssm_project\target\classes\properties]
2017-02-04 15:14:46,491 [main] DEBUG [org.springframework.core.io.support.PathMatchingResourcePatternResolver] - Searching directory [G:\迅雷下载\Chrome\ssm_project\target\classes\properties] for files matching pattern [G:/迅雷下载/Chrome/ssm_project/target/classes/properties/*.properties]
2017-02-04 15:14:46,492 [main] DEBUG [org.springframework.core.io.support.PathMatchingResourcePatternResolver] - Resolved location pattern [classpath:properties/*.properties] to resources [file [G:\迅雷下载\Chrome\ssm_project\target\classes\properties\jdbc.properties]]
2017-02-04 15:14:46,492 [main] DEBUG [org.springframework.beans.factory.support.DefaultListableBeanFactory] - Finished creating instance of bean &apos;propertyConfigurer&apos;
2017-02-04 15:14:46,493 [main] INFO  [org.springframework.beans.factory.config.PropertyPlaceholderConfigurer] - Loading properties file from file [G:\迅雷下载\Chrome\ssm_project\target\classes\properties\jdbc.properties]
2017-02-04 15:14:46,497 [main] DEBUG [org.springframework.beans.factory.support.DefaultListableBeanFactory] - Creating shared instance of singleton bean &apos;org.springframework.context.annotation.internalAutowiredAnnotationProcessor&apos;
2017-02-04 15:14:46,498 [main] DEBUG [org.springframework.beans.factory.support.DefaultListableBeanFactory] - Creating instance of bean &apos;org.springframework.context.annotation.internalAutowiredAnnotationProcessor&apos;
2017-02-04 15:14:46,498 [main] INFO  [org.springframework.beans.factory.annotation.AutowiredAnnotationBeanPostProcessor] - JSR-330 &apos;javax.inject.Inject&apos; annotation found and supported for autowiring
2017-02-04 15:14:46,498 [main] DEBUG [org.springframework.beans.factory.support.DefaultListableBeanFactory] - Eagerly caching bean &apos;org.springframework.context.annotation.internalAutowiredAnnotationProcessor&apos; to allow for resolving potential circular references
2017-02-04 15:14:46,499 [main] DEBUG [org.springframework.beans.factory.support.DefaultListableBeanFactory] - Finished creating instance of bean &apos;org.springframework.context.annotation.internalAutowiredAnnotationProcessor&apos;
2017-02-04 15:14:46,499 [main] DEBUG [org.springframework.beans.factory.support.DefaultListableBeanFactory] - Creating shared instance of singleton bean &apos;org.springframework.context.annotation.internalRequiredAnnotationProcessor&apos;
2017-02-04 15:14:46,499 [main] DEBUG [org.springframework.beans.factory.support.DefaultListableBeanFactory] - Creating instance of bean &apos;org.springframework.context.annotation.internalRequiredAnnotationProcessor&apos;
2017-02-04 15:14:46,500 [main] DEBUG [org.springframework.beans.factory.support.DefaultListableBeanFactory] - Eagerly caching bean &apos;org.springframework.context.annotation.internalRequiredAnnotationProcessor&apos; to allow for resolving potential circular references
2017-02-04 15:14:46,500 [main] DEBUG [org.springframework.beans.factory.support.DefaultListableBeanFactory] - Finished creating instance of bean &apos;org.springframework.context.annotation.internalRequiredAnnotationProcessor&apos;
2017-02-04 15:14:46,500 [main] DEBUG [org.springframework.beans.factory.support.DefaultListableBeanFactory] - Creating shared instance of singleton bean &apos;org.springframework.context.annotation.internalCommonAnnotationProcessor&apos;
2017-02-04 15:14:46,500 [main] DEBUG [org.springframework.beans.factory.support.DefaultListableBeanFactory] - Creating instance of bean &apos;org.springframework.context.annotation.internalCommonAnnotationProcessor&apos;
2017-02-04 15:14:46,504 [main] DEBUG [org.springframework.beans.factory.support.DefaultListableBeanFactory] - Eagerly caching bean &apos;org.springframework.context.annotation.internalCommonAnnotationProcessor&apos; to allow for resolving potential circular references
2017-02-04 15:14:46,504 [main] DEBUG [org.springframework.beans.factory.support.DefaultListableBeanFactory] - Finished creating instance of bean &apos;org.springframework.context.annotation.internalCommonAnnotationProcessor&apos;
2017-02-04 15:14:46,505 [main] DEBUG [org.springframework.beans.factory.support.DefaultListableBeanFactory] - Creating shared instance of singleton bean &apos;org.springframework.context.annotation.ConfigurationClassPostProcessor.importAwareProcessor&apos;
2017-02-04 15:14:46,505 [main] DEBUG [org.springframework.beans.factory.support.DefaultListableBeanFactory] - Creating instance of bean &apos;org.springframework.context.annotation.ConfigurationClassPostProcessor.importAwareProcessor&apos;
2017-02-04 15:14:46,505 [main] DEBUG [org.springframework.beans.factory.support.DefaultListableBeanFactory] - Eagerly caching bean &apos;org.springframework.context.annotation.ConfigurationClassPostProcessor.importAwareProcessor&apos; to allow for resolving potential circular references
2017-02-04 15:14:46,505 [main] DEBUG [org.springframework.beans.factory.support.DefaultListableBeanFactory] - Finished creating instance of bean &apos;org.springframework.context.annotation.ConfigurationClassPostProcessor.importAwareProcessor&apos;
2017-02-04 15:14:46,508 [main] DEBUG [org.springframework.context.support.GenericApplicationContext] - Unable to locate MessageSource with name &apos;messageSource&apos;: using default [org.springframework.context.support.DelegatingMessageSource@49f13e99]
2017-02-04 15:14:46,510 [main] DEBUG [org.springframework.context.support.GenericApplicationContext] - Unable to locate ApplicationEventMulticaster with name &apos;applicationEventMulticaster&apos;: using default [org.springframework.context.event.SimpleApplicationEventMulticaster@58da7765]
2017-02-04 15:14:46,514 [main] INFO  [org.springframework.beans.factory.support.DefaultListableBeanFactory] - Pre-instantiating singletons in org.springframework.beans.factory.support.DefaultListableBeanFactory@7e191c17: defining beans [propertyConfigurer,dataSource,org.mybatis.spring.mapper.MapperScannerConfigurer#0,sqlSessionFactory,blogService,categoryService,CommentService,messageInfoService,messageService,userService,org.springframework.context.annotation.internalConfigurationAnnotationProcessor,org.springframework.context.annotation.internalAutowiredAnnotationProcessor,org.springframework.context.annotation.internalRequiredAnnotationProcessor,org.springframework.context.annotation.internalCommonAnnotationProcessor,org.springframework.context.annotation.ConfigurationClassPostProcessor.importAwareProcessor,blogMapper,categoryMapper,commentMapper,messageInfoMapper,messageMapper,userMapper]; root of factory hierarchy
2017-02-04 15:14:46,514 [main] DEBUG [org.springframework.beans.factory.support.DefaultListableBeanFactory] - Returning cached instance of singleton bean &apos;propertyConfigurer&apos;
2017-02-04 15:14:46,514 [main] DEBUG [org.springframework.beans.factory.support.DefaultListableBeanFactory] - Creating shared instance of singleton bean &apos;dataSource&apos;
2017-02-04 15:14:46,515 [main] DEBUG [org.springframework.beans.factory.support.DefaultListableBeanFactory] - Creating instance of bean &apos;dataSource&apos;
2017-02-04 15:14:46,518 [main] DEBUG [org.springframework.beans.factory.support.DefaultListableBeanFactory] - Eagerly caching bean &apos;dataSource&apos; to allow for resolving potential circular references
2017-02-04 15:14:46,529 [main] INFO  [org.springframework.jdbc.datasource.DriverManagerDataSource] - Loaded JDBC driver: com.mysql.jdbc.Driver
2017-02-04 15:14:46,530 [main] DEBUG [org.springframework.beans.factory.support.DefaultListableBeanFactory] - Finished creating instance of bean &apos;dataSource&apos;
2017-02-04 15:14:46,530 [main] DEBUG [org.springframework.beans.factory.support.DefaultListableBeanFactory] - Returning cached instance of singleton bean &apos;org.mybatis.spring.mapper.MapperScannerConfigurer#0&apos;
2017-02-04 15:14:46,530 [main] DEBUG [org.springframework.beans.factory.support.DefaultListableBeanFactory] - Creating shared instance of singleton bean &apos;sqlSessionFactory&apos;
2017-02-04 15:14:46,531 [main] DEBUG [org.springframework.beans.factory.support.DefaultListableBeanFactory] - Creating instance of bean &apos;sqlSessionFactory&apos;
2017-02-04 15:14:46,549 [main] DEBUG [org.springframework.beans.factory.support.DefaultListableBeanFactory] - Eagerly caching bean &apos;sqlSessionFactory&apos; to allow for resolving potential circular references
2017-02-04 15:14:46,556 [main] DEBUG [org.springframework.beans.factory.support.DefaultListableBeanFactory] - Returning cached instance of singleton bean &apos;dataSource&apos;
2017-02-04 15:14:46,556 [main] DEBUG [org.springframework.core.io.support.PathMatchingResourcePatternResolver] - Resolved location pattern [classpath*:com/lin/mapper/**/*.xml] to resources []
2017-02-04 15:14:46,558 [main] DEBUG [org.springframework.beans.factory.support.DefaultListableBeanFactory] - Invoking afterPropertiesSet() on bean with name &apos;sqlSessionFactory&apos;
2017-02-04 15:14:46,623 [main] DEBUG [org.mybatis.spring.SqlSessionFactoryBean] - Parsed configuration file: &apos;class path resource [mybatis/mybatis-config.xml]&apos;
2017-02-04 15:14:46,624 [main] DEBUG [org.springframework.jdbc.datasource.DriverManagerDataSource] - Creating new JDBC DriverManager Connection to [jdbc:mysql://localhost:3306/webqq?autoReconnect=true&amp;characterEncoding=utf8]
2017-02-04 15:14:46,795 [main] DEBUG [org.mybatis.spring.SqlSessionFactoryBean] - Property &apos;mapperLocations&apos; was not specified or no matching resources found
2017-02-04 15:14:46,796 [main] DEBUG [org.springframework.beans.factory.support.DefaultListableBeanFactory] - Finished creating instance of bean &apos;sqlSessionFactory&apos;
2017-02-04 15:14:46,796 [main] DEBUG [org.springframework.beans.factory.support.DefaultListableBeanFactory] - Creating shared instance of singleton bean &apos;blogService&apos;
2017-02-04 15:14:46,796 [main] DEBUG [org.springframework.beans.factory.support.DefaultListableBeanFactory] - Creating instance of bean &apos;blogService&apos;
2017-02-04 15:14:46,803 [main] DEBUG [org.springframework.beans.factory.annotation.InjectionMetadata] - Registered injected element on class [com.lin.service.impl.BlogServiceimpl]: ResourceElement for private com.lin.dao.BlogMapper com.lin.service.impl.BlogServiceimpl.blogMapper
2017-02-04 15:14:46,808 [main] DEBUG [org.springframework.beans.factory.annotation.InjectionMetadata] - Registered injected element on class [com.lin.service.impl.BlogServiceimpl]: AutowiredMethodElement for public void com.lin.service.impl.BlogServiceimpl.setBlogMapper(com.lin.dao.BlogMapper)
2017-02-04 15:14:46,809 [main] DEBUG [org.springframework.beans.factory.support.DefaultListableBeanFactory] - Eagerly caching bean &apos;blogService&apos; to allow for resolving potential circular references
2017-02-04 15:14:46,809 [main] DEBUG [org.springframework.beans.factory.annotation.InjectionMetadata] - Processing injected method of bean &apos;blogService&apos;: ResourceElement for private com.lin.dao.BlogMapper com.lin.service.impl.BlogServiceimpl.blogMapper
2017-02-04 15:14:46,809 [main] DEBUG [org.springframework.beans.factory.support.DefaultListableBeanFactory] - Creating shared instance of singleton bean &apos;blogMapper&apos;
2017-02-04 15:14:46,809 [main] DEBUG [org.springframework.beans.factory.support.DefaultListableBeanFactory] - Creating instance of bean &apos;blogMapper&apos;
2017-02-04 15:14:46,810 [main] DEBUG [org.springframework.beans.factory.support.DefaultListableBeanFactory] - Eagerly caching bean &apos;blogMapper&apos; to allow for resolving potential circular references
2017-02-04 15:14:46,816 [main] DEBUG [org.springframework.beans.factory.support.DefaultListableBeanFactory] - Returning eagerly cached instance of singleton bean &apos;blogMapper&apos; that is not fully initialized yet - a consequence of a circular reference
2017-02-04 15:14:46,816 [main] DEBUG [org.springframework.beans.factory.support.DefaultListableBeanFactory] - Creating shared instance of singleton bean &apos;categoryMapper&apos;
2017-02-04 15:14:46,816 [main] DEBUG [org.springframework.beans.factory.support.DefaultListableBeanFactory] - Creating instance of bean &apos;categoryMapper&apos;
2017-02-04 15:14:46,817 [main] DEBUG [org.springframework.beans.factory.support.DefaultListableBeanFactory] - Eagerly caching bean &apos;categoryMapper&apos; to allow for resolving potential circular references
2017-02-04 15:14:46,817 [main] DEBUG [org.springframework.beans.factory.support.DefaultListableBeanFactory] - Returning eagerly cached instance of singleton bean &apos;categoryMapper&apos; that is not fully initialized yet - a consequence of a circular reference
2017-02-04 15:14:46,818 [main] DEBUG [org.springframework.beans.factory.support.DefaultListableBeanFactory] - Creating shared instance of singleton bean &apos;commentMapper&apos;
2017-02-04 15:14:46,818 [main] DEBUG [org.springframework.beans.factory.support.DefaultListableBeanFactory] - Creating instance of bean &apos;commentMapper&apos;
2017-02-04 15:14:46,818 [main] DEBUG [org.springframework.beans.factory.support.DefaultListableBeanFactory] - Eagerly caching bean &apos;commentMapper&apos; to allow for resolving potential circular references
2017-02-04 15:14:46,819 [main] DEBUG [org.springframework.beans.factory.support.DefaultListableBeanFactory] - Returning eagerly cached instance of singleton bean &apos;commentMapper&apos; that is not fully initialized yet - a consequence of a circular reference
2017-02-04 15:14:46,819 [main] DEBUG [org.springframework.beans.factory.support.DefaultListableBeanFactory] - Creating shared instance of singleton bean &apos;messageInfoMapper&apos;
2017-02-04 15:14:46,819 [main] DEBUG [org.springframework.beans.factory.support.DefaultListableBeanFactory] - Creating instance of bean &apos;messageInfoMapper&apos;
2017-02-04 15:14:46,819 [main] DEBUG [org.springframework.beans.factory.support.DefaultListableBeanFactory] - Eagerly caching bean &apos;messageInfoMapper&apos; to allow for resolving potential circular references
2017-02-04 15:14:46,820 [main] DEBUG [org.springframework.beans.factory.support.DefaultListableBeanFactory] - Returning eagerly cached instance of singleton bean &apos;messageInfoMapper&apos; that is not fully initialized yet - a consequence of a circular reference
2017-02-04 15:14:46,821 [main] DEBUG [org.springframework.beans.factory.support.DefaultListableBeanFactory] - Creating shared instance of singleton bean &apos;messageMapper&apos;
2017-02-04 15:14:46,821 [main] DEBUG [org.springframework.beans.factory.support.DefaultListableBeanFactory] - Creating instance of bean &apos;messageMapper&apos;
2017-02-04 15:14:46,821 [main] DEBUG [org.springframework.beans.factory.support.DefaultListableBeanFactory] - Eagerly caching bean &apos;messageMapper&apos; to allow for resolving potential circular references
2017-02-04 15:14:46,822 [main] DEBUG [org.springframework.beans.factory.support.DefaultListableBeanFactory] - Returning eagerly cached instance of singleton bean &apos;messageMapper&apos; that is not fully initialized yet - a consequence of a circular reference
2017-02-04 15:14:46,822 [main] DEBUG [org.springframework.beans.factory.support.DefaultListableBeanFactory] - Creating shared instance of singleton bean &apos;userMapper&apos;
2017-02-04 15:14:46,822 [main] DEBUG [org.springframework.beans.factory.support.DefaultListableBeanFactory] - Creating instance of bean &apos;userMapper&apos;
2017-02-04 15:14:46,822 [main] DEBUG [org.springframework.beans.factory.support.DefaultListableBeanFactory] - Eagerly caching bean &apos;userMapper&apos; to allow for resolving potential circular references
2017-02-04 15:14:46,823 [main] DEBUG [org.springframework.beans.factory.support.DefaultListableBeanFactory] - Returning eagerly cached instance of singleton bean &apos;userMapper&apos; that is not fully initialized yet - a consequence of a circular reference
2017-02-04 15:14:46,823 [main] DEBUG [org.springframework.beans.factory.support.DefaultListableBeanFactory] - Returning cached instance of singleton bean &apos;sqlSessionFactory&apos;
2017-02-04 15:14:46,823 [main] DEBUG [org.springframework.beans.factory.support.DefaultListableBeanFactory] - Autowiring by type from bean name &apos;userMapper&apos; via property &apos;sqlSessionFactory&apos; to bean named &apos;sqlSessionFactory&apos;
2017-02-04 15:14:46,834 [main] DEBUG [org.springframework.beans.factory.support.DefaultListableBeanFactory] - Invoking afterPropertiesSet() on bean with name &apos;userMapper&apos;
2017-02-04 15:14:46,845 [main] DEBUG [org.springframework.beans.factory.support.DefaultListableBeanFactory] - Finished creating instance of bean &apos;userMapper&apos;
2017-02-04 15:14:46,845 [main] DEBUG [org.springframework.beans.factory.support.DefaultListableBeanFactory] - Returning cached instance of singleton bean &apos;sqlSessionFactory&apos;
2017-02-04 15:14:46,846 [main] DEBUG [org.springframework.beans.factory.support.DefaultListableBeanFactory] - Autowiring by type from bean name &apos;messageMapper&apos; via property &apos;sqlSessionFactory&apos; to bean named &apos;sqlSessionFactory&apos;
2017-02-04 15:14:46,847 [main] DEBUG [org.springframework.beans.factory.support.DefaultListableBeanFactory] - Invoking afterPropertiesSet() on bean with name &apos;messageMapper&apos;
2017-02-04 15:14:46,848 [main] DEBUG [org.springframework.beans.factory.support.DefaultListableBeanFactory] - Finished creating instance of bean &apos;messageMapper&apos;
2017-02-04 15:14:46,849 [main] DEBUG [org.springframework.beans.factory.support.DefaultListableBeanFactory] - Returning cached instance of singleton bean &apos;sqlSessionFactory&apos;
2017-02-04 15:14:46,849 [main] DEBUG [org.springframework.beans.factory.support.DefaultListableBeanFactory] - Autowiring by type from bean name &apos;messageInfoMapper&apos; via property &apos;sqlSessionFactory&apos; to bean named &apos;sqlSessionFactory&apos;
2017-02-04 15:14:46,850 [main] DEBUG [org.springframework.beans.factory.support.DefaultListableBeanFactory] - Invoking afterPropertiesSet() on bean with name &apos;messageInfoMapper&apos;
2017-02-04 15:14:46,851 [main] DEBUG [org.springframework.beans.factory.support.DefaultListableBeanFactory] - Finished creating instance of bean &apos;messageInfoMapper&apos;
2017-02-04 15:14:46,851 [main] DEBUG [org.springframework.beans.factory.support.DefaultListableBeanFactory] - Returning cached instance of singleton bean &apos;sqlSessionFactory&apos;
2017-02-04 15:14:46,852 [main] DEBUG [org.springframework.beans.factory.support.DefaultListableBeanFactory] - Autowiring by type from bean name &apos;commentMapper&apos; via property &apos;sqlSessionFactory&apos; to bean named &apos;sqlSessionFactory&apos;
2017-02-04 15:14:46,853 [main] DEBUG [org.springframework.beans.factory.support.DefaultListableBeanFactory] - Invoking afterPropertiesSet() on bean with name &apos;commentMapper&apos;
2017-02-04 15:14:46,854 [main] DEBUG [org.springframework.beans.factory.support.DefaultListableBeanFactory] - Finished creating instance of bean &apos;commentMapper&apos;
2017-02-04 15:14:46,855 [main] DEBUG [org.springframework.beans.factory.support.DefaultListableBeanFactory] - Returning cached instance of singleton bean &apos;sqlSessionFactory&apos;
2017-02-04 15:14:46,855 [main] DEBUG [org.springframework.beans.factory.support.DefaultListableBeanFactory] - Autowiring by type from bean name &apos;categoryMapper&apos; via property &apos;sqlSessionFactory&apos; to bean named &apos;sqlSessionFactory&apos;
2017-02-04 15:14:46,856 [main] DEBUG [org.springframework.beans.factory.support.DefaultListableBeanFactory] - Invoking afterPropertiesSet() on bean with name &apos;categoryMapper&apos;
2017-02-04 15:14:46,857 [main] DEBUG [org.springframework.beans.factory.support.DefaultListableBeanFactory] - Finished creating instance of bean &apos;categoryMapper&apos;
2017-02-04 15:14:46,858 [main] DEBUG [org.springframework.beans.factory.support.DefaultListableBeanFactory] - Returning cached instance of singleton bean &apos;sqlSessionFactory&apos;
2017-02-04 15:14:46,858 [main] DEBUG [org.springframework.beans.factory.support.DefaultListableBeanFactory] - Autowiring by type from bean name &apos;blogMapper&apos; via property &apos;sqlSessionFactory&apos; to bean named &apos;sqlSessionFactory&apos;
2017-02-04 15:14:46,858 [main] DEBUG [org.springframework.beans.factory.support.DefaultListableBeanFactory] - Invoking afterPropertiesSet() on bean with name &apos;blogMapper&apos;
2017-02-04 15:14:46,861 [main] DEBUG [org.springframework.beans.factory.support.DefaultListableBeanFactory] - Finished creating instance of bean &apos;blogMapper&apos;
2017-02-04 15:14:46,867 [main] DEBUG [org.springframework.beans.factory.annotation.InjectionMetadata] - Processing injected method of bean &apos;blogService&apos;: AutowiredMethodElement for public void com.lin.service.impl.BlogServiceimpl.setBlogMapper(com.lin.dao.BlogMapper)
2017-02-04 15:14:46,868 [main] DEBUG [org.springframework.beans.factory.support.DefaultListableBeanFactory] - Returning cached instance of singleton bean &apos;blogMapper&apos;
2017-02-04 15:14:46,869 [main] DEBUG [org.springframework.beans.factory.annotation.AutowiredAnnotationBeanPostProcessor] - Autowiring by type from bean name &apos;blogService&apos; to bean named &apos;blogMapper&apos;
2017-02-04 15:14:46,869 [main] DEBUG [org.springframework.beans.factory.support.DefaultListableBeanFactory] - Finished creating instance of bean &apos;blogService&apos;
2017-02-04 15:14:46,869 [main] DEBUG [org.springframework.beans.factory.support.DefaultListableBeanFactory] - Creating shared instance of singleton bean &apos;categoryService&apos;
2017-02-04 15:14:46,869 [main] DEBUG [org.springframework.beans.factory.support.DefaultListableBeanFactory] - Creating instance of bean &apos;categoryService&apos;
2017-02-04 15:14:46,870 [main] DEBUG [org.springframework.beans.factory.annotation.InjectionMetadata] - Registered injected element on class [com.lin.service.impl.CategoryServiceimpl]: ResourceElement for private com.lin.dao.CategoryMapper com.lin.service.impl.CategoryServiceimpl.categoryMapper
2017-02-04 15:14:46,873 [main] DEBUG [org.springframework.beans.factory.annotation.InjectionMetadata] - Registered injected element on class [com.lin.service.impl.CategoryServiceimpl]: AutowiredMethodElement for public void com.lin.service.impl.CategoryServiceimpl.setCategoryMapper(com.lin.dao.CategoryMapper)
2017-02-04 15:14:46,873 [main] DEBUG [org.springframework.beans.factory.support.DefaultListableBeanFactory] - Eagerly caching bean &apos;categoryService&apos; to allow for resolving potential circular references
2017-02-04 15:14:46,873 [main] DEBUG [org.springframework.beans.factory.annotation.InjectionMetadata] - Processing injected method of bean &apos;categoryService&apos;: ResourceElement for private com.lin.dao.CategoryMapper com.lin.service.impl.CategoryServiceimpl.categoryMapper
2017-02-04 15:14:46,873 [main] DEBUG [org.springframework.beans.factory.support.DefaultListableBeanFactory] - Returning cached instance of singleton bean &apos;categoryMapper&apos;
2017-02-04 15:14:46,876 [main] DEBUG [org.springframework.beans.factory.annotation.InjectionMetadata] - Processing injected method of bean &apos;categoryService&apos;: AutowiredMethodElement for public void com.lin.service.impl.CategoryServiceimpl.setCategoryMapper(com.lin.dao.CategoryMapper)
2017-02-04 15:14:46,877 [main] DEBUG [org.springframework.beans.factory.support.DefaultListableBeanFactory] - Returning cached instance of singleton bean &apos;categoryMapper&apos;
2017-02-04 15:14:46,877 [main] DEBUG [org.springframework.beans.factory.annotation.AutowiredAnnotationBeanPostProcessor] - Autowiring by type from bean name &apos;categoryService&apos; to bean named &apos;categoryMapper&apos;
2017-02-04 15:14:46,877 [main] DEBUG [org.springframework.beans.factory.support.DefaultListableBeanFactory] - Finished creating instance of bean &apos;categoryService&apos;
2017-02-04 15:14:46,877 [main] DEBUG [org.springframework.beans.factory.support.DefaultListableBeanFactory] - Creating shared instance of singleton bean &apos;CommentService&apos;
2017-02-04 15:14:46,877 [main] DEBUG [org.springframework.beans.factory.support.DefaultListableBeanFactory] - Creating instance of bean &apos;CommentService&apos;
2017-02-04 15:14:46,878 [main] DEBUG [org.springframework.beans.factory.annotation.InjectionMetadata] - Registered injected element on class [com.lin.service.impl.CommentServiceimpl]: ResourceElement for private com.lin.dao.CommentMapper com.lin.service.impl.CommentServiceimpl.commentMapper
2017-02-04 15:14:46,882 [main] DEBUG [org.springframework.beans.factory.annotation.InjectionMetadata] - Registered injected element on class [com.lin.service.impl.CommentServiceimpl]: AutowiredMethodElement for public void com.lin.service.impl.CommentServiceimpl.setCommentMapper(com.lin.dao.CommentMapper)
2017-02-04 15:14:46,882 [main] DEBUG [org.springframework.beans.factory.support.DefaultListableBeanFactory] - Eagerly caching bean &apos;CommentService&apos; to allow for resolving potential circular references
2017-02-04 15:14:46,883 [main] DEBUG [org.springframework.beans.factory.annotation.InjectionMetadata] - Processing injected method of bean &apos;CommentService&apos;: ResourceElement for private com.lin.dao.CommentMapper com.lin.service.impl.CommentServiceimpl.commentMapper
2017-02-04 15:14:46,883 [main] DEBUG [org.springframework.beans.factory.support.DefaultListableBeanFactory] - Returning cached instance of singleton bean &apos;commentMapper&apos;
2017-02-04 15:14:46,896 [main] DEBUG [org.springframework.beans.factory.annotation.InjectionMetadata] - Processing injected method of bean &apos;CommentService&apos;: AutowiredMethodElement for public void com.lin.service.impl.CommentServiceimpl.setCommentMapper(com.lin.dao.CommentMapper)
2017-02-04 15:14:46,897 [main] DEBUG [org.springframework.beans.factory.support.DefaultListableBeanFactory] - Returning cached instance of singleton bean &apos;commentMapper&apos;
2017-02-04 15:14:46,897 [main] DEBUG [org.springframework.beans.factory.annotation.AutowiredAnnotationBeanPostProcessor] - Autowiring by type from bean name &apos;CommentService&apos; to bean named &apos;commentMapper&apos;
2017-02-04 15:14:46,897 [main] DEBUG [org.springframework.beans.factory.support.DefaultListableBeanFactory] - Finished creating instance of bean &apos;CommentService&apos;
2017-02-04 15:14:46,897 [main] DEBUG [org.springframework.beans.factory.support.DefaultListableBeanFactory] - Creating shared instance of singleton bean &apos;messageInfoService&apos;
2017-02-04 15:14:46,897 [main] DEBUG [org.springframework.beans.factory.support.DefaultListableBeanFactory] - Creating instance of bean &apos;messageInfoService&apos;
2017-02-04 15:14:46,898 [main] DEBUG [org.springframework.beans.factory.annotation.InjectionMetadata] - Registered injected element on class [com.lin.service.impl.MessageInfoServiceimpl]: ResourceElement for private com.lin.dao.MessageInfoMapper com.lin.service.impl.MessageInfoServiceimpl.messageInfoMapper
2017-02-04 15:14:46,900 [main] DEBUG [org.springframework.beans.factory.annotation.InjectionMetadata] - Registered injected element on class [com.lin.service.impl.MessageInfoServiceimpl]: AutowiredMethodElement for public void com.lin.service.impl.MessageInfoServiceimpl.setBlogMapper(com.lin.dao.MessageInfoMapper)
2017-02-04 15:14:46,900 [main] DEBUG [org.springframework.beans.factory.support.DefaultListableBeanFactory] - Eagerly caching bean &apos;messageInfoService&apos; to allow for resolving potential circular references
2017-02-04 15:14:46,900 [main] DEBUG [org.springframework.beans.factory.annotation.InjectionMetadata] - Processing injected method of bean &apos;messageInfoService&apos;: ResourceElement for private com.lin.dao.MessageInfoMapper com.lin.service.impl.MessageInfoServiceimpl.messageInfoMapper
2017-02-04 15:14:46,900 [main] DEBUG [org.springframework.beans.factory.support.DefaultListableBeanFactory] - Returning cached instance of singleton bean &apos;messageInfoMapper&apos;
2017-02-04 15:14:46,903 [main] DEBUG [org.springframework.beans.factory.annotation.InjectionMetadata] - Processing injected method of bean &apos;messageInfoService&apos;: AutowiredMethodElement for public void com.lin.service.impl.MessageInfoServiceimpl.setBlogMapper(com.lin.dao.MessageInfoMapper)
2017-02-04 15:14:46,904 [main] DEBUG [org.springframework.beans.factory.support.DefaultListableBeanFactory] - Returning cached instance of singleton bean &apos;messageInfoMapper&apos;
2017-02-04 15:14:46,904 [main] DEBUG [org.springframework.beans.factory.annotation.AutowiredAnnotationBeanPostProcessor] - Autowiring by type from bean name &apos;messageInfoService&apos; to bean named &apos;messageInfoMapper&apos;
2017-02-04 15:14:46,905 [main] DEBUG [org.springframework.beans.factory.support.DefaultListableBeanFactory] - Finished creating instance of bean &apos;messageInfoService&apos;
2017-02-04 15:14:46,905 [main] DEBUG [org.springframework.beans.factory.support.DefaultListableBeanFactory] - Creating shared instance of singleton bean &apos;messageService&apos;
2017-02-04 15:14:46,905 [main] DEBUG [org.springframework.beans.factory.support.DefaultListableBeanFactory] - Creating instance of bean &apos;messageService&apos;
2017-02-04 15:14:46,906 [main] DEBUG [org.springframework.beans.factory.annotation.InjectionMetadata] - Registered injected element on class [com.lin.service.impl.MessageServiceimpl]: ResourceElement for private com.lin.dao.MessageMapper com.lin.service.impl.MessageServiceimpl.messageMapper
2017-02-04 15:14:46,907 [main] DEBUG [org.springframework.beans.factory.annotation.InjectionMetadata] - Registered injected element on class [com.lin.service.impl.MessageServiceimpl]: AutowiredMethodElement for public void com.lin.service.impl.MessageServiceimpl.setMessageMapper(com.lin.dao.MessageMapper)
2017-02-04 15:14:46,908 [main] DEBUG [org.springframework.beans.factory.support.DefaultListableBeanFactory] - Eagerly caching bean &apos;messageService&apos; to allow for resolving potential circular references
2017-02-04 15:14:46,908 [main] DEBUG [org.springframework.beans.factory.annotation.InjectionMetadata] - Processing injected method of bean &apos;messageService&apos;: ResourceElement for private com.lin.dao.MessageMapper com.lin.service.impl.MessageServiceimpl.messageMapper
2017-02-04 15:14:46,908 [main] DEBUG [org.springframework.beans.factory.support.DefaultListableBeanFactory] - Returning cached instance of singleton bean &apos;messageMapper&apos;
2017-02-04 15:14:46,911 [main] DEBUG [org.springframework.beans.factory.annotation.InjectionMetadata] - Processing injected method of bean &apos;messageService&apos;: AutowiredMethodElement for public void com.lin.service.impl.MessageServiceimpl.setMessageMapper(com.lin.dao.MessageMapper)
2017-02-04 15:14:46,912 [main] DEBUG [org.springframework.beans.factory.support.DefaultListableBeanFactory] - Returning cached instance of singleton bean &apos;messageMapper&apos;
2017-02-04 15:14:46,912 [main] DEBUG [org.springframework.beans.factory.annotation.AutowiredAnnotationBeanPostProcessor] - Autowiring by type from bean name &apos;messageService&apos; to bean named &apos;messageMapper&apos;
2017-02-04 15:14:46,913 [main] DEBUG [org.springframework.beans.factory.support.DefaultListableBeanFactory] - Finished creating instance of bean &apos;messageService&apos;
2017-02-04 15:14:46,913 [main] DEBUG [org.springframework.beans.factory.support.DefaultListableBeanFactory] - Creating shared instance of singleton bean &apos;userService&apos;
2017-02-04 15:14:46,913 [main] DEBUG [org.springframework.beans.factory.support.DefaultListableBeanFactory] - Creating instance of bean &apos;userService&apos;
2017-02-04 15:14:46,914 [main] DEBUG [org.springframework.beans.factory.annotation.InjectionMetadata] - Registered injected element on class [com.lin.service.impl.UserServiceimpl]: ResourceElement for private com.lin.dao.UserMapper com.lin.service.impl.UserServiceimpl.userMapper
2017-02-04 15:14:46,917 [main] DEBUG [org.springframework.beans.factory.annotation.InjectionMetadata] - Registered injected element on class [com.lin.service.impl.UserServiceimpl]: AutowiredMethodElement for public void com.lin.service.impl.UserServiceimpl.setUserMapper(com.lin.dao.UserMapper)
2017-02-04 15:14:46,917 [main] DEBUG [org.springframework.beans.factory.support.DefaultListableBeanFactory] - Eagerly caching bean &apos;userService&apos; to allow for resolving potential circular references
2017-02-04 15:14:46,917 [main] DEBUG [org.springframework.beans.factory.annotation.InjectionMetadata] - Processing injected method of bean &apos;userService&apos;: ResourceElement for private com.lin.dao.UserMapper com.lin.service.impl.UserServiceimpl.userMapper
2017-02-04 15:14:46,917 [main] DEBUG [org.springframework.beans.factory.support.DefaultListableBeanFactory] - Returning cached instance of singleton bean &apos;userMapper&apos;
2017-02-04 15:14:46,920 [main] DEBUG [org.springframework.beans.factory.annotation.InjectionMetadata] - Processing injected method of bean &apos;userService&apos;: AutowiredMethodElement for public void com.lin.service.impl.UserServiceimpl.setUserMapper(com.lin.dao.UserMapper)
2017-02-04 15:14:46,921 [main] DEBUG [org.springframework.beans.factory.support.DefaultListableBeanFactory] - Returning cached instance of singleton bean &apos;userMapper&apos;
2017-02-04 15:14:46,921 [main] DEBUG [org.springframework.beans.factory.annotation.AutowiredAnnotationBeanPostProcessor] - Autowiring by type from bean name &apos;userService&apos; to bean named &apos;userMapper&apos;
2017-02-04 15:14:46,921 [main] DEBUG [org.springframework.beans.factory.support.DefaultListableBeanFactory] - Finished creating instance of bean &apos;userService&apos;
2017-02-04 15:14:46,921 [main] DEBUG [org.springframework.beans.factory.support.DefaultListableBeanFactory] - Returning cached instance of singleton bean &apos;org.springframework.context.annotation.internalConfigurationAnnotationProcessor&apos;
2017-02-04 15:14:46,921 [main] DEBUG [org.springframework.beans.factory.support.DefaultListableBeanFactory] - Returning cached instance of singleton bean &apos;org.springframework.context.annotation.internalAutowiredAnnotationProcessor&apos;
2017-02-04 15:14:46,922 [main] DEBUG [org.springframework.beans.factory.support.DefaultListableBeanFactory] - Returning cached instance of singleton bean &apos;org.springframework.context.annotation.internalRequiredAnnotationProcessor&apos;
2017-02-04 15:14:46,922 [main] DEBUG [org.springframework.beans.factory.support.DefaultListableBeanFactory] - Returning cached instance of singleton bean &apos;org.springframework.context.annotation.internalCommonAnnotationProcessor&apos;
2017-02-04 15:14:46,922 [main] DEBUG [org.springframework.beans.factory.support.DefaultListableBeanFactory] - Returning cached instance of singleton bean &apos;org.springframework.context.annotation.ConfigurationClassPostProcessor.importAwareProcessor&apos;
2017-02-04 15:14:46,922 [main] DEBUG [org.springframework.beans.factory.support.DefaultListableBeanFactory] - Returning cached instance of singleton bean &apos;blogMapper&apos;
2017-02-04 15:14:46,922 [main] DEBUG [org.springframework.beans.factory.support.DefaultListableBeanFactory] - Returning cached instance of singleton bean &apos;categoryMapper&apos;
2017-02-04 15:14:46,922 [main] DEBUG [org.springframework.beans.factory.support.DefaultListableBeanFactory] - Returning cached instance of singleton bean &apos;commentMapper&apos;
2017-02-04 15:14:46,922 [main] DEBUG [org.springframework.beans.factory.support.DefaultListableBeanFactory] - Returning cached instance of singleton bean &apos;messageInfoMapper&apos;
2017-02-04 15:14:46,923 [main] DEBUG [org.springframework.beans.factory.support.DefaultListableBeanFactory] - Returning cached instance of singleton bean &apos;messageMapper&apos;
2017-02-04 15:14:46,923 [main] DEBUG [org.springframework.beans.factory.support.DefaultListableBeanFactory] - Returning cached instance of singleton bean &apos;userMapper&apos;
2017-02-04 15:14:46,925 [main] DEBUG [org.springframework.context.support.GenericApplicationContext] - Unable to locate LifecycleProcessor with name &apos;lifecycleProcessor&apos;: using default [org.springframework.context.support.DefaultLifecycleProcessor@79616f0a]
2017-02-04 15:14:46,926 [main] DEBUG [org.springframework.beans.factory.support.DefaultListableBeanFactory] - Returning cached instance of singleton bean &apos;lifecycleProcessor&apos;
2017-02-04 15:14:46,932 [main] DEBUG [org.springframework.beans.factory.support.DefaultListableBeanFactory] - Returning cached instance of singleton bean &apos;sqlSessionFactory&apos;
2017-02-04 15:14:46,933 [main] DEBUG [org.springframework.core.env.PropertySourcesPropertyResolver] - Searching for key &apos;spring.liveBeansView.mbeanDomain&apos; in [systemProperties]
2017-02-04 15:14:46,934 [main] DEBUG [org.springframework.core.env.PropertySourcesPropertyResolver] - Searching for key &apos;spring.liveBeansView.mbeanDomain&apos; in [systemEnvironment]
2017-02-04 15:14:46,934 [main] DEBUG [org.springframework.core.env.PropertySourcesPropertyResolver] - Could not find key &apos;spring.liveBeansView.mbeanDomain&apos; in any property source. Returning [null]
2017-02-04 15:14:46,935 [main] DEBUG [org.springframework.test.context.CacheAwareContextLoaderDelegate] - Storing ApplicationContext in cache under key [[MergedContextConfiguration@1bb41390 testClass = TestMybatis, locations = &apos;{classpath:application.xml, classpath:mybatis/mybatis-config.xml}&apos;, classes = &apos;{}&apos;, contextInitializerClasses = &apos;[]&apos;, activeProfiles = &apos;{}&apos;, contextLoader = &apos;org.springframework.test.context.support.DelegatingSmartContextLoader&apos;, parent = [null]]].
2017-02-04 15:14:46,938 [main] DEBUG [org.springframework.beans.factory.annotation.InjectionMetadata] - Processing injected method of bean &apos;com.lin.service.TestMybatis&apos;: AutowiredMethodElement for public void com.lin.service.TestMybatis.setCommentService(com.lin.service.CommentServiceI)
2017-02-04 15:14:46,939 [main] DEBUG [org.springframework.beans.factory.support.DefaultListableBeanFactory] - Returning cached instance of singleton bean &apos;CommentService&apos;
2017-02-04 15:14:46,939 [main] DEBUG [org.springframework.beans.factory.annotation.AutowiredAnnotationBeanPostProcessor] - Autowiring by type from bean name &apos;com.lin.service.TestMybatis&apos; to bean named &apos;CommentService&apos;
2017-02-04 15:14:46,939 [main] DEBUG [org.springframework.beans.factory.annotation.InjectionMetadata] - Processing injected method of bean &apos;com.lin.service.TestMybatis&apos;: AutowiredMethodElement for public void com.lin.service.TestMybatis.setCategoryServiceI(com.lin.service.CategoryServiceI)
2017-02-04 15:14:46,940 [main] DEBUG [org.springframework.beans.factory.support.DefaultListableBeanFactory] - Returning cached instance of singleton bean &apos;categoryService&apos;
2017-02-04 15:14:46,940 [main] DEBUG [org.springframework.beans.factory.annotation.AutowiredAnnotationBeanPostProcessor] - Autowiring by type from bean name &apos;com.lin.service.TestMybatis&apos; to bean named &apos;categoryService&apos;
2017-02-04 15:14:46,940 [main] DEBUG [org.springframework.beans.factory.annotation.InjectionMetadata] - Processing injected method of bean &apos;com.lin.service.TestMybatis&apos;: AutowiredMethodElement for public void com.lin.service.TestMybatis.setBlogService(com.lin.service.BlogServiceI)
2017-02-04 15:14:46,941 [main] DEBUG [org.springframework.beans.factory.support.DefaultListableBeanFactory] - Returning cached instance of singleton bean &apos;blogService&apos;
2017-02-04 15:14:46,941 [main] DEBUG [org.springframework.beans.factory.annotation.AutowiredAnnotationBeanPostProcessor] - Autowiring by type from bean name &apos;com.lin.service.TestMybatis&apos; to bean named &apos;blogService&apos;
2017-02-04 15:14:46,941 [main] DEBUG [org.springframework.beans.factory.annotation.InjectionMetadata] - Processing injected method of bean &apos;com.lin.service.TestMybatis&apos;: AutowiredMethodElement for public void com.lin.service.TestMybatis.setUserService(com.lin.service.UserServiceI)
2017-02-04 15:14:46,942 [main] DEBUG [org.springframework.beans.factory.support.DefaultListableBeanFactory] - Returning cached instance of singleton bean &apos;userService&apos;
2017-02-04 15:14:46,942 [main] DEBUG [org.springframework.beans.factory.annotation.AutowiredAnnotationBeanPostProcessor] - Autowiring by type from bean name &apos;com.lin.service.TestMybatis&apos; to bean named &apos;userService&apos;
2017-02-04 15:14:46,942 [main] DEBUG [org.springframework.beans.factory.annotation.InjectionMetadata] - Processing injected method of bean &apos;com.lin.service.TestMybatis&apos;: AutowiredMethodElement for public void com.lin.service.TestMybatis.setMessageService(com.lin.service.MessageServiceI)
2017-02-04 15:14:46,943 [main] DEBUG [org.springframework.beans.factory.support.DefaultListableBeanFactory] - Returning cached instance of singleton bean &apos;messageService&apos;
2017-02-04 15:14:46,943 [main] DEBUG [org.springframework.beans.factory.annotation.AutowiredAnnotationBeanPostProcessor] - Autowiring by type from bean name &apos;com.lin.service.TestMybatis&apos; to bean named &apos;messageService&apos;
2017-02-04 15:14:46,949 [main] DEBUG [org.springframework.test.context.support.DirtiesContextTestExecutionListener] - After test method: context [[TestContext@27c4b997 testClass = TestMybatis, testInstance = com.lin.service.TestMybatis@64747ce6, testMethod = test1@TestMybatis, testException = org.apache.ibatis.binding.BindingException: Invalid bound statement (not found): com.lin.dao.CommentMapper.selectBybId, mergedContextConfiguration = [MergedContextConfiguration@1bb41390 testClass = TestMybatis, locations = &apos;{classpath:application.xml, classpath:mybatis/mybatis-config.xml}&apos;, classes = &apos;{}&apos;, contextInitializerClasses = &apos;[]&apos;, activeProfiles = &apos;{}&apos;, contextLoader = &apos;org.springframework.test.context.support.DelegatingSmartContextLoader&apos;, parent = [null]]]], class dirties context [false], class mode [null], method dirties context [false].
</system-out>
  </testcase>
  <testcase time="0.001" classname="com.lin.service.TestMybatis" name="test2"/>
</testsuite>